{"/home/travis/build/npmtest/node-npmtest-serve-index/test.js":{"path":"/home/travis/build/npmtest/node-npmtest-serve-index/test.js","s":{"1":2,"2":2,"3":2,"4":2,"5":2,"6":2,"7":2,"8":1,"9":2,"10":2,"11":1,"12":1,"13":1,"14":1,"15":2,"16":2,"17":2,"18":2,"19":1,"20":1,"21":2,"22":2,"23":2,"24":1,"25":1,"26":1,"27":1,"28":1,"29":1,"30":1,"31":1,"32":1,"33":1,"34":1,"35":1,"36":1,"37":1,"38":1,"39":2,"40":2,"41":1,"42":2,"43":2,"44":1,"45":2,"46":2,"47":1,"48":2,"49":2,"50":1,"51":1,"52":1,"53":1,"54":1},"b":{"1":[2,1,1,1],"2":[1,1,1,1],"3":[1,1],"4":[1,1],"5":[1,1],"6":[1,1],"7":[1,1],"8":[1,1],"9":[1,1],"10":[1,1,1],"11":[1,1],"12":[1,1],"13":[1,1],"14":[1,1],"15":[1,1],"16":[1,1],"17":[1,1]},"f":{"1":2,"2":2,"3":2,"4":2,"5":2,"6":1,"7":1,"8":1,"9":2,"10":2,"11":2,"12":2,"13":1},"fnMap":{"1":{"name":"(anonymous_1)","line":12,"loc":{"start":{"line":12,"column":1},"end":{"line":12,"column":13}}},"2":{"name":"(anonymous_2)","line":19,"loc":{"start":{"line":19,"column":5},"end":{"line":19,"column":17}}},"3":{"name":"(anonymous_3)","line":23,"loc":{"start":{"line":23,"column":24},"end":{"line":23,"column":36}}},"4":{"name":"(anonymous_4)","line":61,"loc":{"start":{"line":61,"column":5},"end":{"line":61,"column":17}}},"5":{"name":"(anonymous_5)","line":82,"loc":{"start":{"line":82,"column":5},"end":{"line":82,"column":17}}},"6":{"name":"(anonymous_6)","line":91,"loc":{"start":{"line":91,"column":77},"end":{"line":94,"column":10}}},"7":{"name":"(anonymous_7)","line":112,"loc":{"start":{"line":112,"column":83},"end":{"line":115,"column":10}},"skip":true},"8":{"name":"(anonymous_8)","line":123,"loc":{"start":{"line":123,"column":77},"end":{"line":126,"column":10}},"skip":true},"9":{"name":"(anonymous_9)","line":139,"loc":{"start":{"line":139,"column":12},"end":{"line":139,"column":40}},"skip":true},"10":{"name":"(anonymous_10)","line":147,"loc":{"start":{"line":147,"column":77},"end":{"line":150,"column":10}},"skip":true},"11":{"name":"(anonymous_11)","line":158,"loc":{"start":{"line":158,"column":83},"end":{"line":161,"column":10}},"skip":true},"12":{"name":"(anonymous_12)","line":169,"loc":{"start":{"line":169,"column":79},"end":{"line":172,"column":10}},"skip":true},"13":{"name":"(anonymous_13)","line":180,"loc":{"start":{"line":180,"column":75},"end":{"line":183,"column":10}},"skip":true}},"statementMap":{"1":{"start":{"line":12,"column":0},"end":{"line":195,"column":5}},"2":{"start":{"line":14,"column":4},"end":{"line":14,"column":14}},"3":{"start":{"line":19,"column":4},"end":{"line":56,"column":9}},"4":{"start":{"line":21,"column":8},"end":{"line":21,"column":19}},"5":{"start":{"line":23,"column":8},"end":{"line":35,"column":13}},"6":{"start":{"line":24,"column":12},"end":{"line":34,"column":13}},"7":{"start":{"line":25,"column":16},"end":{"line":28,"column":30}},"8":{"start":{"line":30,"column":16},"end":{"line":33,"column":27}},"9":{"start":{"line":37,"column":8},"end":{"line":39,"column":21}},"10":{"start":{"line":40,"column":8},"end":{"line":53,"column":9}},"11":{"start":{"line":43,"column":12},"end":{"line":46,"column":14}},"12":{"start":{"line":47,"column":12},"end":{"line":47,"column":18}},"13":{"start":{"line":50,"column":12},"end":{"line":51,"column":46}},"14":{"start":{"line":52,"column":12},"end":{"line":52,"column":18}},"15":{"start":{"line":55,"column":8},"end":{"line":55,"column":35}},"16":{"start":{"line":61,"column":4},"end":{"line":63,"column":9}},"17":{"start":{"line":62,"column":8},"end":{"line":62,"column":15}},"18":{"start":{"line":64,"column":4},"end":{"line":77,"column":5}},"19":{"start":{"line":70,"column":8},"end":{"line":70,"column":14}},"20":{"start":{"line":76,"column":8},"end":{"line":76,"column":14}},"21":{"start":{"line":82,"column":4},"end":{"line":84,"column":9}},"22":{"start":{"line":83,"column":8},"end":{"line":83,"column":15}},"23":{"start":{"line":85,"column":4},"end":{"line":194,"column":5}},"24":{"start":{"line":91,"column":8},"end":{"line":99,"column":10}},"25":{"start":{"line":98,"column":12},"end":{"line":98,"column":35}},"26":{"start":{"line":102,"column":8},"end":{"line":104,"column":63}},"27":{"start":{"line":105,"column":8},"end":{"line":105,"column":14}},"28":{"start":{"line":112,"column":8},"end":{"line":121,"column":10},"skip":true},"29":{"start":{"line":119,"column":12},"end":{"line":119,"column":55},"skip":true},"30":{"start":{"line":120,"column":12},"end":{"line":120,"column":48},"skip":true},"31":{"start":{"line":123,"column":8},"end":{"line":136,"column":10},"skip":true},"32":{"start":{"line":130,"column":12},"end":{"line":130,"column":76},"skip":true},"33":{"start":{"line":131,"column":12},"end":{"line":131,"column":73},"skip":true},"34":{"start":{"line":132,"column":12},"end":{"line":132,"column":74},"skip":true},"35":{"start":{"line":133,"column":12},"end":{"line":133,"column":79},"skip":true},"36":{"start":{"line":134,"column":12},"end":{"line":134,"column":25},"skip":true},"37":{"start":{"line":135,"column":12},"end":{"line":135,"column":45},"skip":true},"38":{"start":{"line":138,"column":8},"end":{"line":145,"column":14},"skip":true},"39":{"start":{"line":143,"column":16},"end":{"line":143,"column":29},"skip":true},"40":{"start":{"line":144,"column":16},"end":{"line":144,"column":55},"skip":true},"41":{"start":{"line":147,"column":8},"end":{"line":156,"column":10},"skip":true},"42":{"start":{"line":154,"column":12},"end":{"line":154,"column":25},"skip":true},"43":{"start":{"line":155,"column":12},"end":{"line":155,"column":45},"skip":true},"44":{"start":{"line":158,"column":8},"end":{"line":167,"column":10},"skip":true},"45":{"start":{"line":165,"column":12},"end":{"line":165,"column":25},"skip":true},"46":{"start":{"line":166,"column":12},"end":{"line":166,"column":48},"skip":true},"47":{"start":{"line":169,"column":8},"end":{"line":178,"column":10},"skip":true},"48":{"start":{"line":176,"column":12},"end":{"line":176,"column":25},"skip":true},"49":{"start":{"line":177,"column":12},"end":{"line":177,"column":46},"skip":true},"50":{"start":{"line":180,"column":8},"end":{"line":189,"column":10},"skip":true},"51":{"start":{"line":187,"column":12},"end":{"line":187,"column":94},"skip":true},"52":{"start":{"line":188,"column":12},"end":{"line":188,"column":48},"skip":true},"53":{"start":{"line":192,"column":8},"end":{"line":192,"column":35},"skip":true},"54":{"start":{"line":193,"column":8},"end":{"line":193,"column":14},"skip":true}},"branchMap":{"1":{"line":25,"type":"binary-expr","locations":[{"start":{"line":25,"column":23},"end":{"line":25,"column":62}},{"start":{"line":26,"column":20},"end":{"line":26,"column":70}},{"start":{"line":27,"column":20},"end":{"line":27,"column":71}},{"start":{"line":28,"column":20},"end":{"line":28,"column":29}}]},"2":{"line":30,"type":"binary-expr","locations":[{"start":{"line":30,"column":23},"end":{"line":30,"column":37}},{"start":{"line":31,"column":20},"end":{"line":31,"column":61}},{"start":{"line":32,"column":20},"end":{"line":32,"column":70}},{"start":{"line":33,"column":20},"end":{"line":33,"column":26}}]},"3":{"line":37,"type":"cond-expr","locations":[{"start":{"line":38,"column":14},"end":{"line":38,"column":20}},{"start":{"line":39,"column":14},"end":{"line":39,"column":20}}]},"4":{"line":40,"type":"switch","locations":[{"start":{"line":42,"column":8},"end":{"line":47,"column":18}},{"start":{"line":49,"column":8},"end":{"line":52,"column":18}}]},"5":{"line":44,"type":"binary-expr","locations":[{"start":{"line":44,"column":16},"end":{"line":44,"column":44}},{"start":{"line":44,"column":48},"end":{"line":44,"column":66}}]},"6":{"line":50,"type":"binary-expr","locations":[{"start":{"line":50,"column":21},"end":{"line":50,"column":49}},{"start":{"line":50,"column":53},"end":{"line":50,"column":72}}]},"7":{"line":64,"type":"switch","locations":[{"start":{"line":69,"column":4},"end":{"line":70,"column":14}},{"start":{"line":75,"column":4},"end":{"line":76,"column":14}}]},"8":{"line":85,"type":"switch","locations":[{"start":{"line":90,"column":4},"end":{"line":105,"column":14}},{"start":{"line":111,"column":4},"end":{"line":193,"column":14},"skip":true}]},"9":{"line":91,"type":"binary-expr","locations":[{"start":{"line":91,"column":42},"end":{"line":91,"column":73}},{"start":{"line":91,"column":77},"end":{"line":99,"column":9}}]},"10":{"line":102,"type":"binary-expr","locations":[{"start":{"line":102,"column":18},"end":{"line":102,"column":32}},{"start":{"line":103,"column":12},"end":{"line":103,"column":53}},{"start":{"line":104,"column":12},"end":{"line":104,"column":61}}]},"11":{"line":112,"type":"binary-expr","locations":[{"start":{"line":112,"column":45},"end":{"line":112,"column":79},"skip":true},{"start":{"line":112,"column":83},"end":{"line":121,"column":9},"skip":true}]},"12":{"line":123,"type":"binary-expr","locations":[{"start":{"line":123,"column":42},"end":{"line":123,"column":73},"skip":true},{"start":{"line":123,"column":77},"end":{"line":136,"column":9},"skip":true}]},"13":{"line":138,"type":"binary-expr","locations":[{"start":{"line":138,"column":48},"end":{"line":138,"column":85},"skip":true},{"start":{"line":139,"column":12},"end":{"line":145,"column":13},"skip":true}]},"14":{"line":147,"type":"binary-expr","locations":[{"start":{"line":147,"column":42},"end":{"line":147,"column":73},"skip":true},{"start":{"line":147,"column":77},"end":{"line":156,"column":9},"skip":true}]},"15":{"line":158,"type":"binary-expr","locations":[{"start":{"line":158,"column":45},"end":{"line":158,"column":79},"skip":true},{"start":{"line":158,"column":83},"end":{"line":167,"column":9},"skip":true}]},"16":{"line":169,"type":"binary-expr","locations":[{"start":{"line":169,"column":43},"end":{"line":169,"column":75},"skip":true},{"start":{"line":169,"column":79},"end":{"line":178,"column":9},"skip":true}]},"17":{"line":180,"type":"binary-expr","locations":[{"start":{"line":180,"column":41},"end":{"line":180,"column":71},"skip":true},{"start":{"line":180,"column":75},"end":{"line":189,"column":9},"skip":true}]}},"code":["/* istanbul instrument in package npmtest_serve_index */","/*jslint","    bitwise: true,","    browser: true,","    maxerr: 8,","    maxlen: 96,","    node: true,","    nomen: true,","    regexp: true,","    stupid: true","*/","(function () {","    'use strict';","    var local;","","","","    // run shared js-env code - pre-init","    (function () {","        // init local","        local = {};","        // init modeJs","        local.modeJs = (function () {","            try {","                return typeof navigator.userAgent === 'string' &&","                    typeof document.querySelector('body') === 'object' &&","                    typeof XMLHttpRequest.prototype.open === 'function' &&","                    'browser';","            } catch (errorCaughtBrowser) {","                return module.exports &&","                    typeof process.versions.node === 'string' &&","                    typeof require('http').createServer === 'function' &&","                    'node';","            }","        }());","        // init global","        local.global = local.modeJs === 'browser'","            ? window","            : global;","        switch (local.modeJs) {","        // re-init local from window.local","        case 'browser':","            local = local.global.utility2.objectSetDefault(","                local.global.utility2_rollup || local.global.local,","                local.global.utility2","            );","            break;","        // re-init local from example.js","        case 'node':","            local = (local.global.utility2_rollup || require('utility2'))","                .requireExampleJsFromReadme();","            break;","        }","        // export local","        local.global.local = local;","    }());","","","","    // run shared js-env code - function","    (function () {","        return;","    }());","    switch (local.modeJs) {","","","","    // run browser js-env code - function","    case 'browser':","        break;","","","","    // run node js-env code - function","    case 'node':","        break;","    }","","","","    // run shared js-env code - post-init","    (function () {","        return;","    }());","    switch (local.modeJs) {","","","","    // run browser js-env code - post-init","    case 'browser':","        local.testCase_browser_nullCase = local.testCase_browser_nullCase || function (","            options,","            onError","        ) {","        /*","         * this function will test browsers's null-case handling-behavior-behavior","         */","            onError(null, options);","        };","","        // run tests","        local.nop(local.modeTest &&","            document.querySelector('#testRunButton1') &&","            document.querySelector('#testRunButton1').click());","        break;","","","","    // run node js-env code - post-init","    /* istanbul ignore next */","    case 'node':","        local.testCase_buildApidoc_default = local.testCase_buildApidoc_default || function (","            options,","            onError","        ) {","        /*","         * this function will test buildApidoc's default handling-behavior-behavior","         */","            options = { modulePathList: module.paths };","            local.buildApidoc(options, onError);","        };","","        local.testCase_buildApp_default = local.testCase_buildApp_default || function (","            options,","            onError","        ) {","        /*","         * this function will test buildApp's default handling-behavior-behavior","         */","            local.testCase_buildReadme_default(options, local.onErrorThrow);","            local.testCase_buildLib_default(options, local.onErrorThrow);","            local.testCase_buildTest_default(options, local.onErrorThrow);","            local.testCase_buildCustomOrg_default(options, local.onErrorThrow);","            options = [];","            local.buildApp(options, onError);","        };","","        local.testCase_buildCustomOrg_default = local.testCase_buildCustomOrg_default ||","            function (options, onError) {","            /*","             * this function will test buildCustomOrg's default handling-behavior","             */","                options = {};","                local.buildCustomOrg(options, onError);","            };","","        local.testCase_buildLib_default = local.testCase_buildLib_default || function (","            options,","            onError","        ) {","        /*","         * this function will test buildLib's default handling-behavior","         */","            options = {};","            local.buildLib(options, onError);","        };","","        local.testCase_buildReadme_default = local.testCase_buildReadme_default || function (","            options,","            onError","        ) {","        /*","         * this function will test buildReadme's default handling-behavior-behavior","         */","            options = {};","            local.buildReadme(options, onError);","        };","","        local.testCase_buildTest_default = local.testCase_buildTest_default || function (","            options,","            onError","        ) {","        /*","         * this function will test buildTest's default handling-behavior","         */","            options = {};","            local.buildTest(options, onError);","        };","","        local.testCase_webpage_default = local.testCase_webpage_default || function (","            options,","            onError","        ) {","        /*","         * this function will test webpage's default handling-behavior","         */","            options = { modeCoverageMerge: true, url: local.serverLocalHost + '?modeTest=1' };","            local.browserTest(options, onError);","        };","","        // run test-server","        local.testRunServer(local);","        break;","    }","}());",""],"l":{"12":2,"14":2,"19":2,"21":2,"23":2,"24":2,"25":2,"30":1,"37":2,"40":2,"43":1,"47":1,"50":1,"52":1,"55":2,"61":2,"62":2,"64":2,"70":1,"76":1,"82":2,"83":2,"85":2,"91":1,"98":1,"102":1,"105":1,"112":1,"119":1,"120":1,"123":1,"130":1,"131":1,"132":1,"133":1,"134":1,"135":1,"138":1,"143":2,"144":2,"147":1,"154":2,"155":2,"158":1,"165":2,"166":2,"169":1,"176":2,"177":2,"180":1,"187":1,"188":1,"192":1,"193":1}},"/home/travis/build/npmtest/node-npmtest-serve-index/lib.npmtest_serve_index.js":{"path":"/home/travis/build/npmtest/node-npmtest-serve-index/lib.npmtest_serve_index.js","s":{"1":2,"2":2,"3":2,"4":2,"5":2,"6":2,"7":2,"8":1,"9":2,"10":2,"11":2,"12":2,"13":1,"14":1,"15":1,"16":1},"b":{"1":[2,1,1,1],"2":[1,1,1,1],"3":[1,1],"4":[2,2],"5":[1,1]},"f":{"1":2,"2":2,"3":2},"fnMap":{"1":{"name":"(anonymous_1)","line":12,"loc":{"start":{"line":12,"column":1},"end":{"line":12,"column":13}}},"2":{"name":"(anonymous_2)","line":19,"loc":{"start":{"line":19,"column":5},"end":{"line":19,"column":17}}},"3":{"name":"(anonymous_3)","line":23,"loc":{"start":{"line":23,"column":24},"end":{"line":23,"column":36}}}},"statementMap":{"1":{"start":{"line":12,"column":0},"end":{"line":53,"column":5}},"2":{"start":{"line":14,"column":4},"end":{"line":14,"column":14}},"3":{"start":{"line":19,"column":4},"end":{"line":52,"column":9}},"4":{"start":{"line":21,"column":8},"end":{"line":21,"column":19}},"5":{"start":{"line":23,"column":8},"end":{"line":35,"column":13}},"6":{"start":{"line":24,"column":12},"end":{"line":34,"column":13}},"7":{"start":{"line":25,"column":16},"end":{"line":28,"column":30}},"8":{"start":{"line":30,"column":16},"end":{"line":33,"column":27}},"9":{"start":{"line":37,"column":8},"end":{"line":39,"column":21}},"10":{"start":{"line":41,"column":8},"end":{"line":41,"column":54}},"11":{"start":{"line":43,"column":8},"end":{"line":43,"column":56}},"12":{"start":{"line":45,"column":8},"end":{"line":51,"column":9}},"13":{"start":{"line":46,"column":12},"end":{"line":46,"column":62}},"14":{"start":{"line":48,"column":12},"end":{"line":48,"column":35}},"15":{"start":{"line":49,"column":12},"end":{"line":49,"column":49}},"16":{"start":{"line":50,"column":12},"end":{"line":50,"column":43}}},"branchMap":{"1":{"line":25,"type":"binary-expr","locations":[{"start":{"line":25,"column":23},"end":{"line":25,"column":62}},{"start":{"line":26,"column":20},"end":{"line":26,"column":70}},{"start":{"line":27,"column":20},"end":{"line":27,"column":71}},{"start":{"line":28,"column":20},"end":{"line":28,"column":29}}]},"2":{"line":30,"type":"binary-expr","locations":[{"start":{"line":30,"column":23},"end":{"line":30,"column":37}},{"start":{"line":31,"column":20},"end":{"line":31,"column":61}},{"start":{"line":32,"column":20},"end":{"line":32,"column":70}},{"start":{"line":33,"column":20},"end":{"line":33,"column":26}}]},"3":{"line":37,"type":"cond-expr","locations":[{"start":{"line":38,"column":14},"end":{"line":38,"column":20}},{"start":{"line":39,"column":14},"end":{"line":39,"column":20}}]},"4":{"line":41,"type":"binary-expr","locations":[{"start":{"line":41,"column":16},"end":{"line":41,"column":44}},{"start":{"line":41,"column":48},"end":{"line":41,"column":53}}]},"5":{"line":45,"type":"if","locations":[{"start":{"line":45,"column":8},"end":{"line":45,"column":8}},{"start":{"line":45,"column":8},"end":{"line":45,"column":8}}]}},"code":["/* istanbul instrument in package npmtest_serve_index */","/*jslint","    bitwise: true,","    browser: true,","    maxerr: 8,","    maxlen: 96,","    node: true,","    nomen: true,","    regexp: true,","    stupid: true","*/","(function () {","    'use strict';","    var local;","","","","    // run shared js-env code - pre-init","    (function () {","        // init local","        local = {};","        // init modeJs","        local.modeJs = (function () {","            try {","                return typeof navigator.userAgent === 'string' &&","                    typeof document.querySelector('body') === 'object' &&","                    typeof XMLHttpRequest.prototype.open === 'function' &&","                    'browser';","            } catch (errorCaughtBrowser) {","                return module.exports &&","                    typeof process.versions.node === 'string' &&","                    typeof require('http').createServer === 'function' &&","                    'node';","            }","        }());","        // init global","        local.global = local.modeJs === 'browser'","            ? window","            : global;","        // init utility2_rollup","        local = local.global.utility2_rollup || local;","        // init lib","        local.local = local.npmtest_serve_index = local;","        // init exports","        if (local.modeJs === 'browser') {","            local.global.utility2_npmtest_serve_index = local;","        } else {","            module.exports = local;","            module.exports.__dirname = __dirname;","            module.exports.module = module;","        }","    }());","}());",""],"l":{"12":2,"14":2,"19":2,"21":2,"23":2,"24":2,"25":2,"30":1,"37":2,"41":2,"43":2,"45":2,"46":1,"48":1,"49":1,"50":1}},"/home/travis/build/npmtest/node-npmtest-serve-index/example.js":{"path":"/home/travis/build/npmtest/node-npmtest-serve-index/example.js","s":{"1":2,"2":2,"3":2,"4":2,"5":2,"6":2,"7":2,"8":1,"9":2,"10":2,"11":2,"12":2,"13":1,"14":2,"15":2,"16":2,"17":2,"18":2,"19":0,"20":2,"21":1,"22":1,"23":1,"24":1,"25":1,"26":0,"27":0,"28":1,"29":1,"30":2,"31":0,"32":0,"33":0,"34":1,"35":2,"36":2,"37":3,"38":3,"39":3,"40":3,"41":0,"42":3,"43":3,"44":3,"45":1,"46":3,"47":1,"48":1,"49":1,"50":1,"51":1,"52":1,"53":1,"54":1,"55":1,"56":1,"57":0,"58":1,"59":6,"60":6,"61":1,"62":2,"63":0,"64":2,"65":1,"66":1,"67":0,"68":0,"69":0,"70":0,"71":0,"72":0,"73":0,"74":0,"75":0,"76":0,"77":0,"78":0,"79":0,"80":0,"81":0,"82":0,"83":0},"b":{"1":[2,1,1,1],"2":[1,1,1,1],"3":[1,1],"4":[2,2],"5":[1,1],"6":[1,1],"7":[2,0],"8":[2,1,1,1,1,1],"9":[0,2,0],"10":[1,1],"11":[2,1,1],"12":[1,0],"13":[0,2],"14":[2,0,0,0,0,0,0],"15":[0,3],"16":[3,0],"17":[1,1],"18":[0,1],"19":[1,2,0,2],"20":[1,0],"21":[1,1],"22":[0,0],"23":[0,0],"24":[0,0],"25":[0,0],"26":[0,0],"27":[0,0],"28":[0,0]},"f":{"1":2,"2":2,"3":2,"4":2,"5":2,"6":2,"7":3,"8":3,"9":3,"10":1,"11":6,"12":0},"fnMap":{"1":{"name":"(anonymous_1)","line":26,"loc":{"start":{"line":26,"column":1},"end":{"line":26,"column":13}}},"2":{"name":"(anonymous_2)","line":33,"loc":{"start":{"line":33,"column":5},"end":{"line":33,"column":17}}},"3":{"name":"(anonymous_3)","line":37,"loc":{"start":{"line":37,"column":24},"end":{"line":37,"column":36}}},"4":{"name":"(anonymous_4)","line":69,"loc":{"start":{"line":69,"column":31},"end":{"line":69,"column":48}},"skip":true},"5":{"name":"(anonymous_5)","line":78,"loc":{"start":{"line":78,"column":26},"end":{"line":78,"column":45}},"skip":true},"6":{"name":"(anonymous_6)","line":123,"loc":{"start":{"line":123,"column":33},"end":{"line":123,"column":48}},"skip":true},"7":{"name":"(anonymous_7)","line":125,"loc":{"start":{"line":125,"column":27},"end":{"line":125,"column":39}},"skip":true},"8":{"name":"(anonymous_8)","line":133,"loc":{"start":{"line":133,"column":59},"end":{"line":133,"column":74}},"skip":true},"9":{"name":"(anonymous_9)","line":143,"loc":{"start":{"line":143,"column":45},"end":{"line":143,"column":62}},"skip":true},"10":{"name":"(anonymous_10)","line":144,"loc":{"start":{"line":144,"column":73},"end":{"line":144,"column":92}},"skip":true},"11":{"name":"(anonymous_11)","line":272,"loc":{"start":{"line":272,"column":51},"end":{"line":272,"column":77}},"skip":true},"12":{"name":"(anonymous_12)","line":315,"loc":{"start":{"line":315,"column":32},"end":{"line":315,"column":61}},"skip":true}},"statementMap":{"1":{"start":{"line":26,"column":0},"end":{"line":326,"column":5}},"2":{"start":{"line":28,"column":4},"end":{"line":28,"column":14}},"3":{"start":{"line":33,"column":4},"end":{"line":60,"column":9}},"4":{"start":{"line":35,"column":8},"end":{"line":35,"column":19}},"5":{"start":{"line":37,"column":8},"end":{"line":49,"column":13}},"6":{"start":{"line":38,"column":12},"end":{"line":48,"column":13}},"7":{"start":{"line":39,"column":16},"end":{"line":42,"column":30}},"8":{"start":{"line":44,"column":16},"end":{"line":47,"column":27}},"9":{"start":{"line":51,"column":8},"end":{"line":53,"column":21}},"10":{"start":{"line":55,"column":8},"end":{"line":57,"column":45}},"11":{"start":{"line":59,"column":8},"end":{"line":59,"column":35}},"12":{"start":{"line":61,"column":4},"end":{"line":325,"column":5}},"13":{"start":{"line":69,"column":8},"end":{"line":121,"column":10},"skip":true},"14":{"start":{"line":70,"column":12},"end":{"line":88,"column":13},"skip":true},"15":{"start":{"line":76,"column":16},"end":{"line":87,"column":19},"skip":true},"16":{"start":{"line":79,"column":20},"end":{"line":86,"column":21},"skip":true},"17":{"start":{"line":82,"column":24},"end":{"line":82,"column":43},"skip":true},"18":{"start":{"line":83,"column":24},"end":{"line":83,"column":30},"skip":true},"19":{"start":{"line":85,"column":24},"end":{"line":85,"column":49},"skip":true},"20":{"start":{"line":89,"column":12},"end":{"line":107,"column":13},"skip":true},"21":{"start":{"line":92,"column":16},"end":{"line":102,"column":17},"skip":true},"22":{"start":{"line":93,"column":20},"end":{"line":93,"column":86},"skip":true},"23":{"start":{"line":94,"column":20},"end":{"line":95,"column":45},"skip":true},"24":{"start":{"line":96,"column":20},"end":{"line":96,"column":42},"skip":true},"25":{"start":{"line":97,"column":20},"end":{"line":97,"column":48},"skip":true},"26":{"start":{"line":100,"column":20},"end":{"line":100,"column":85},"skip":true},"27":{"start":{"line":101,"column":20},"end":{"line":101,"column":96},"skip":true},"28":{"start":{"line":103,"column":16},"end":{"line":103,"column":22},"skip":true},"29":{"start":{"line":106,"column":16},"end":{"line":106,"column":22},"skip":true},"30":{"start":{"line":108,"column":12},"end":{"line":120,"column":13},"skip":true},"31":{"start":{"line":114,"column":16},"end":{"line":119,"column":17},"skip":true},"32":{"start":{"line":116,"column":20},"end":{"line":116,"column":78},"skip":true},"33":{"start":{"line":118,"column":20},"end":{"line":118,"column":47},"skip":true},"34":{"start":{"line":123,"column":8},"end":{"line":141,"column":11},"skip":true},"35":{"start":{"line":124,"column":12},"end":{"line":124,"column":54},"skip":true},"36":{"start":{"line":125,"column":12},"end":{"line":140,"column":14},"skip":true},"37":{"start":{"line":126,"column":16},"end":{"line":126,"column":28},"skip":true},"38":{"start":{"line":127,"column":16},"end":{"line":127,"column":69},"skip":true},"39":{"start":{"line":128,"column":16},"end":{"line":128,"column":75},"skip":true},"40":{"start":{"line":129,"column":16},"end":{"line":131,"column":17},"skip":true},"41":{"start":{"line":130,"column":20},"end":{"line":130,"column":27},"skip":true},"42":{"start":{"line":133,"column":16},"end":{"line":137,"column":36},"skip":true},"43":{"start":{"line":134,"column":20},"end":{"line":136,"column":55},"skip":true},"44":{"start":{"line":139,"column":16},"end":{"line":139,"column":57},"skip":true},"45":{"start":{"line":143,"column":8},"end":{"line":147,"column":11},"skip":true},"46":{"start":{"line":144,"column":12},"end":{"line":146,"column":15},"skip":true},"47":{"start":{"line":145,"column":16},"end":{"line":145,"column":70},"skip":true},"48":{"start":{"line":149,"column":8},"end":{"line":149,"column":31},"skip":true},"49":{"start":{"line":150,"column":8},"end":{"line":150,"column":14},"skip":true},"50":{"start":{"line":158,"column":8},"end":{"line":158,"column":31},"skip":true},"51":{"start":{"line":160,"column":8},"end":{"line":160,"column":33},"skip":true},"52":{"start":{"line":161,"column":8},"end":{"line":161,"column":37},"skip":true},"53":{"start":{"line":162,"column":8},"end":{"line":162,"column":35},"skip":true},"54":{"start":{"line":164,"column":8},"end":{"line":164,"column":50},"skip":true},"55":{"start":{"line":166,"column":8},"end":{"line":256,"column":2},"skip":true},"56":{"start":{"line":258,"column":8},"end":{"line":286,"column":9},"skip":true},"57":{"start":{"line":259,"column":12},"end":{"line":269,"column":14},"skip":true},"58":{"start":{"line":271,"column":12},"end":{"line":285,"column":19},"skip":true},"59":{"start":{"line":274,"column":20},"end":{"line":274,"column":35},"skip":true},"60":{"start":{"line":275,"column":20},"end":{"line":284,"column":21},"skip":true},"61":{"start":{"line":277,"column":24},"end":{"line":277,"column":64},"skip":true},"62":{"start":{"line":279,"column":24},"end":{"line":279,"column":40},"skip":true},"63":{"start":{"line":281,"column":24},"end":{"line":281,"column":40},"skip":true},"64":{"start":{"line":283,"column":24},"end":{"line":283,"column":39},"skip":true},"65":{"start":{"line":288,"column":8},"end":{"line":290,"column":9},"skip":true},"66":{"start":{"line":289,"column":12},"end":{"line":289,"column":18},"skip":true},"67":{"start":{"line":291,"column":8},"end":{"line":293,"column":54},"skip":true},"68":{"start":{"line":296,"column":8},"end":{"line":301,"column":37},"skip":true},"69":{"start":{"line":303,"column":8},"end":{"line":303,"column":82},"skip":true},"70":{"start":{"line":306,"column":8},"end":{"line":308,"column":9},"skip":true},"71":{"start":{"line":307,"column":12},"end":{"line":307,"column":82},"skip":true},"72":{"start":{"line":310,"column":8},"end":{"line":312,"column":9},"skip":true},"73":{"start":{"line":311,"column":12},"end":{"line":311,"column":18},"skip":true},"74":{"start":{"line":313,"column":8},"end":{"line":313,"column":54},"skip":true},"75":{"start":{"line":314,"column":8},"end":{"line":314,"column":69},"skip":true},"76":{"start":{"line":315,"column":8},"end":{"line":323,"column":36},"skip":true},"77":{"start":{"line":316,"column":12},"end":{"line":316,"column":61},"skip":true},"78":{"start":{"line":317,"column":12},"end":{"line":320,"column":13},"skip":true},"79":{"start":{"line":318,"column":16},"end":{"line":318,"column":75},"skip":true},"80":{"start":{"line":319,"column":16},"end":{"line":319,"column":23},"skip":true},"81":{"start":{"line":321,"column":12},"end":{"line":321,"column":38},"skip":true},"82":{"start":{"line":322,"column":12},"end":{"line":322,"column":27},"skip":true},"83":{"start":{"line":324,"column":8},"end":{"line":324,"column":14},"skip":true}},"branchMap":{"1":{"line":39,"type":"binary-expr","locations":[{"start":{"line":39,"column":23},"end":{"line":39,"column":62}},{"start":{"line":40,"column":20},"end":{"line":40,"column":70}},{"start":{"line":41,"column":20},"end":{"line":41,"column":71}},{"start":{"line":42,"column":20},"end":{"line":42,"column":29}}]},"2":{"line":44,"type":"binary-expr","locations":[{"start":{"line":44,"column":23},"end":{"line":44,"column":37}},{"start":{"line":45,"column":20},"end":{"line":45,"column":61}},{"start":{"line":46,"column":20},"end":{"line":46,"column":70}},{"start":{"line":47,"column":20},"end":{"line":47,"column":26}}]},"3":{"line":51,"type":"cond-expr","locations":[{"start":{"line":52,"column":14},"end":{"line":52,"column":20}},{"start":{"line":53,"column":14},"end":{"line":53,"column":20}}]},"4":{"line":55,"type":"binary-expr","locations":[{"start":{"line":55,"column":16},"end":{"line":55,"column":44}},{"start":{"line":55,"column":49},"end":{"line":57,"column":43}}]},"5":{"line":55,"type":"cond-expr","locations":[{"start":{"line":56,"column":14},"end":{"line":56,"column":55}},{"start":{"line":57,"column":14},"end":{"line":57,"column":43}}]},"6":{"line":61,"type":"switch","locations":[{"start":{"line":68,"column":4},"end":{"line":150,"column":14},"skip":true},{"start":{"line":156,"column":4},"end":{"line":324,"column":14},"skip":true}]},"7":{"line":70,"type":"if","locations":[{"start":{"line":70,"column":12},"end":{"line":70,"column":12},"skip":true},{"start":{"line":70,"column":12},"end":{"line":70,"column":12},"skip":true}]},"8":{"line":70,"type":"binary-expr","locations":[{"start":{"line":70,"column":16},"end":{"line":70,"column":22},"skip":true},{"start":{"line":70,"column":27},"end":{"line":70,"column":32},"skip":true},{"start":{"line":71,"column":20},"end":{"line":71,"column":39},"skip":true},{"start":{"line":72,"column":20},"end":{"line":72,"column":49},"skip":true},{"start":{"line":73,"column":20},"end":{"line":73,"column":58},"skip":true},{"start":{"line":74,"column":20},"end":{"line":74,"column":69},"skip":true}]},"9":{"line":79,"type":"switch","locations":[{"start":{"line":80,"column":20},"end":{"line":80,"column":33},"skip":true},{"start":{"line":81,"column":20},"end":{"line":83,"column":30},"skip":true},{"start":{"line":84,"column":20},"end":{"line":85,"column":49},"skip":true}]},"10":{"line":89,"type":"switch","locations":[{"start":{"line":90,"column":12},"end":{"line":103,"column":22},"skip":true},{"start":{"line":105,"column":12},"end":{"line":106,"column":22},"skip":true}]},"11":{"line":89,"type":"binary-expr","locations":[{"start":{"line":89,"column":20},"end":{"line":89,"column":25},"skip":true},{"start":{"line":89,"column":29},"end":{"line":89,"column":48},"skip":true},{"start":{"line":89,"column":52},"end":{"line":89,"column":74},"skip":true}]},"12":{"line":92,"type":"if","locations":[{"start":{"line":92,"column":16},"end":{"line":92,"column":16},"skip":true},{"start":{"line":92,"column":16},"end":{"line":92,"column":16},"skip":true}]},"13":{"line":108,"type":"if","locations":[{"start":{"line":108,"column":12},"end":{"line":108,"column":12},"skip":true},{"start":{"line":108,"column":12},"end":{"line":108,"column":12},"skip":true}]},"14":{"line":108,"type":"binary-expr","locations":[{"start":{"line":108,"column":16},"end":{"line":108,"column":61},"skip":true},{"start":{"line":108,"column":66},"end":{"line":108,"column":72},"skip":true},{"start":{"line":108,"column":77},"end":{"line":108,"column":82},"skip":true},{"start":{"line":109,"column":20},"end":{"line":109,"column":39},"skip":true},{"start":{"line":110,"column":20},"end":{"line":110,"column":49},"skip":true},{"start":{"line":111,"column":20},"end":{"line":111,"column":58},"skip":true},{"start":{"line":112,"column":20},"end":{"line":112,"column":68},"skip":true}]},"15":{"line":129,"type":"if","locations":[{"start":{"line":129,"column":16},"end":{"line":129,"column":16},"skip":true},{"start":{"line":129,"column":16},"end":{"line":129,"column":16},"skip":true}]},"16":{"line":134,"type":"cond-expr","locations":[{"start":{"line":135,"column":26},"end":{"line":135,"column":29},"skip":true},{"start":{"line":136,"column":26},"end":{"line":136,"column":54},"skip":true}]},"17":{"line":164,"type":"binary-expr","locations":[{"start":{"line":164,"column":27},"end":{"line":164,"column":43},"skip":true},{"start":{"line":164,"column":47},"end":{"line":164,"column":49},"skip":true}]},"18":{"line":258,"type":"if","locations":[{"start":{"line":258,"column":8},"end":{"line":258,"column":8},"skip":true},{"start":{"line":258,"column":8},"end":{"line":258,"column":8},"skip":true}]},"19":{"line":275,"type":"switch","locations":[{"start":{"line":276,"column":20},"end":{"line":277,"column":64},"skip":true},{"start":{"line":278,"column":20},"end":{"line":279,"column":40},"skip":true},{"start":{"line":280,"column":20},"end":{"line":281,"column":40},"skip":true},{"start":{"line":282,"column":20},"end":{"line":283,"column":39},"skip":true}]},"20":{"line":288,"type":"if","locations":[{"start":{"line":288,"column":8},"end":{"line":288,"column":8},"skip":true},{"start":{"line":288,"column":8},"end":{"line":288,"column":8},"skip":true}]},"21":{"line":288,"type":"binary-expr","locations":[{"start":{"line":288,"column":12},"end":{"line":288,"column":40},"skip":true},{"start":{"line":288,"column":44},"end":{"line":288,"column":67},"skip":true}]},"22":{"line":292,"type":"binary-expr","locations":[{"start":{"line":292,"column":12},"end":{"line":292,"column":50},"skip":true},{"start":{"line":293,"column":12},"end":{"line":293,"column":53},"skip":true}]},"23":{"line":297,"type":"binary-expr","locations":[{"start":{"line":297,"column":12},"end":{"line":297,"column":69},"skip":true},{"start":{"line":298,"column":12},"end":{"line":301,"column":36},"skip":true}]},"24":{"line":303,"type":"binary-expr","locations":[{"start":{"line":303,"column":43},"end":{"line":303,"column":75},"skip":true},{"start":{"line":303,"column":79},"end":{"line":303,"column":81},"skip":true}]},"25":{"line":306,"type":"if","locations":[{"start":{"line":306,"column":8},"end":{"line":306,"column":8},"skip":true},{"start":{"line":306,"column":8},"end":{"line":306,"column":8},"skip":true}]},"26":{"line":310,"type":"if","locations":[{"start":{"line":310,"column":8},"end":{"line":310,"column":8},"skip":true},{"start":{"line":310,"column":8},"end":{"line":310,"column":8},"skip":true}]},"27":{"line":313,"type":"binary-expr","locations":[{"start":{"line":313,"column":27},"end":{"line":313,"column":43},"skip":true},{"start":{"line":313,"column":47},"end":{"line":313,"column":53},"skip":true}]},"28":{"line":317,"type":"if","locations":[{"start":{"line":317,"column":12},"end":{"line":317,"column":12},"skip":true},{"start":{"line":317,"column":12},"end":{"line":317,"column":12},"skip":true}]}},"code":["/*","example.js","","quickstart example","","instruction","    1. save this script as example.js","    2. run the shell command:","        $ npm install npmtest-serve-index && PORT=8081 node example.js","    3. play with the browser-demo on http://127.0.0.1:8081","*/","","","","/* istanbul instrument in package npmtest_serve_index */","/*jslint","    bitwise: true,","    browser: true,","    maxerr: 8,","    maxlen: 96,","    node: true,","    nomen: true,","    regexp: true,","    stupid: true","*/","(function () {","    'use strict';","    var local;","","","","    // run shared js-env code - pre-init","    (function () {","        // init local","        local = {};","        // init modeJs","        local.modeJs = (function () {","            try {","                return typeof navigator.userAgent === 'string' &&","                    typeof document.querySelector('body') === 'object' &&","                    typeof XMLHttpRequest.prototype.open === 'function' &&","                    'browser';","            } catch (errorCaughtBrowser) {","                return module.exports &&","                    typeof process.versions.node === 'string' &&","                    typeof require('http').createServer === 'function' &&","                    'node';","            }","        }());","        // init global","        local.global = local.modeJs === 'browser'","            ? window","            : global;","        // init utility2_rollup","        local = local.global.utility2_rollup || (local.modeJs === 'browser'","            ? local.global.utility2_npmtest_serve_index","            : global.utility2_moduleExports);","        // export local","        local.global.local = local;","    }());","    switch (local.modeJs) {","","","","    // post-init","    // run browser js-env code - post-init","    /* istanbul ignore next */","    case 'browser':","        local.testRunBrowser = function (event) {","            if (!event || (event &&","                    event.currentTarget &&","                    event.currentTarget.className &&","                    event.currentTarget.className.includes &&","                    event.currentTarget.className.includes('onreset'))) {","                // reset output","                Array.from(","                    document.querySelectorAll('body > .resettable')","                ).forEach(function (element) {","                    switch (element.tagName) {","                    case 'INPUT':","                    case 'TEXTAREA':","                        element.value = '';","                        break;","                    default:","                        element.textContent = '';","                    }","                });","            }","            switch (event && event.currentTarget && event.currentTarget.id) {","            case 'testRunButton1':","                // show tests","                if (document.querySelector('#testReportDiv1').style.display === 'none') {","                    document.querySelector('#testReportDiv1').style.display = 'block';","                    document.querySelector('#testRunButton1').textContent =","                        'hide internal test';","                    local.modeTest = true;","                    local.testRunDefault(local);","                // hide tests","                } else {","                    document.querySelector('#testReportDiv1').style.display = 'none';","                    document.querySelector('#testRunButton1').textContent = 'run internal test';","                }","                break;","            // custom-case","            default:","                break;","            }","            if (document.querySelector('#inputTextareaEval1') && (!event || (event &&","                    event.currentTarget &&","                    event.currentTarget.className &&","                    event.currentTarget.className.includes &&","                    event.currentTarget.className.includes('oneval')))) {","                // try to eval input-code","                try {","                    /*jslint evil: true*/","                    eval(document.querySelector('#inputTextareaEval1').value);","                } catch (errorCaught) {","                    console.error(errorCaught);","                }","            }","        };","        // log stderr and stdout to #outputTextareaStdout1","        ['error', 'log'].forEach(function (key) {","            console[key + '_original'] = console[key];","            console[key] = function () {","                var element;","                console[key + '_original'].apply(console, arguments);","                element = document.querySelector('#outputTextareaStdout1');","                if (!element) {","                    return;","                }","                // append text to #outputTextareaStdout1","                element.value += Array.from(arguments).map(function (arg) {","                    return typeof arg === 'string'","                        ? arg","                        : JSON.stringify(arg, null, 4);","                }).join(' ') + '\\n';","                // scroll textarea to bottom","                element.scrollTop = element.scrollHeight;","            };","        });","        // init event-handling","        ['change', 'click', 'keyup'].forEach(function (event) {","            Array.from(document.querySelectorAll('.on' + event)).forEach(function (element) {","                element.addEventListener(event, local.testRunBrowser);","            });","        });","        // run tests","        local.testRunBrowser();","        break;","","","","    // run node js-env code - post-init","    /* istanbul ignore next */","    case 'node':","        // export local","        module.exports = local;","        // require modules","        local.fs = require('fs');","        local.http = require('http');","        local.url = require('url');","        // init assets","        local.assetsDict = local.assetsDict || {};","        /* jslint-ignore-begin */","        local.assetsDict['/assets.index.template.html'] = '\\","<!doctype html>\\n\\","<html lang=\"en\">\\n\\","<head>\\n\\","<meta charset=\"UTF-8\">\\n\\","<meta name=\"viewport\" content=\"width=device-width, initial-scale=1\">\\n\\","<title>{{env.npm_package_name}} (v{{env.npm_package_version}})</title>\\n\\","<style>\\n\\","/*csslint\\n\\","    box-sizing: false,\\n\\","    universal-selector: false\\n\\","*/\\n\\","* {\\n\\","    box-sizing: border-box;\\n\\","}\\n\\","body {\\n\\","    background: #dde;\\n\\","    font-family: Arial, Helvetica, sans-serif;\\n\\","    margin: 2rem;\\n\\","}\\n\\","body > * {\\n\\","    margin-bottom: 1rem;\\n\\","}\\n\\",".utility2FooterDiv {\\n\\","    margin-top: 20px;\\n\\","    text-align: center;\\n\\","}\\n\\","</style>\\n\\","<style>\\n\\","/*csslint\\n\\","*/\\n\\","textarea {\\n\\","    font-family: monospace;\\n\\","    height: 10rem;\\n\\","    width: 100%;\\n\\","}\\n\\","textarea[readonly] {\\n\\","    background: #ddd;\\n\\","}\\n\\","</style>\\n\\","</head>\\n\\","<body>\\n\\","<!-- utility2-comment\\n\\","<div id=\"ajaxProgressDiv1\" style=\"background: #d00; height: 2px; left: 0; margin: 0; padding: 0; position: fixed; top: 0; transition: background 0.5s, width 1.5s; width: 25%;\"></div>\\n\\","utility2-comment -->\\n\\","<h1>\\n\\","<!-- utility2-comment\\n\\","    <a\\n\\","        {{#if env.npm_package_homepage}}\\n\\","        href=\"{{env.npm_package_homepage}}\"\\n\\","        {{/if env.npm_package_homepage}}\\n\\","        target=\"_blank\"\\n\\","    >\\n\\","utility2-comment -->\\n\\","        {{env.npm_package_name}} (v{{env.npm_package_version}})\\n\\","<!-- utility2-comment\\n\\","    </a>\\n\\","utility2-comment -->\\n\\","</h1>\\n\\","<h3>{{env.npm_package_description}}</h3>\\n\\","<!-- utility2-comment\\n\\","<h4><a download href=\"assets.app.js\">download standalone app</a></h4>\\n\\","<button class=\"onclick onreset\" id=\"testRunButton1\">run internal test</button><br>\\n\\","<div id=\"testReportDiv1\" style=\"display: none;\"></div>\\n\\","utility2-comment -->\\n\\","\\n\\","\\n\\","\\n\\","<label>stderr and stdout</label>\\n\\","<textarea class=\"resettable\" id=\"outputTextareaStdout1\" readonly></textarea>\\n\\","<!-- utility2-comment\\n\\","{{#if isRollup}}\\n\\","<script src=\"assets.app.js\"></script>\\n\\","{{#unless isRollup}}\\n\\","utility2-comment -->\\n\\","<script src=\"assets.utility2.rollup.js\"></script>\\n\\","<script src=\"jsonp.utility2._stateInit?callback=window.utility2._stateInit\"></script>\\n\\","<script src=\"assets.npmtest_serve_index.rollup.js\"></script>\\n\\","<script src=\"assets.example.js\"></script>\\n\\","<script src=\"assets.test.js\"></script>\\n\\","<!-- utility2-comment\\n\\","{{/if isRollup}}\\n\\","utility2-comment -->\\n\\","<div class=\"utility2FooterDiv\">\\n\\","    [ this app was created with\\n\\","    <a href=\"https://github.com/kaizhu256/node-utility2\" target=\"_blank\">utility2</a>\\n\\","    ]\\n\\","</div>\\n\\","</body>\\n\\","</html>\\n\\","';","        /* jslint-ignore-end */","        if (local.templateRender) {","            local.assetsDict['/'] = local.templateRender(","                local.assetsDict['/assets.index.template.html'],","                {","                    env: local.objectSetDefault(local.env, {","                        npm_package_description: 'the greatest app in the world!',","                        npm_package_name: 'my-app',","                        npm_package_nameAlias: 'my_app',","                        npm_package_version: '0.0.1'","                    })","                }","            );","        } else {","            local.assetsDict['/'] = local.assetsDict['/assets.index.template.html']","                .replace((/\\{\\{env\\.(\\w+?)\\}\\}/g), function (match0, match1) {","                    // jslint-hack","                    String(match0);","                    switch (match1) {","                    case 'npm_package_description':","                        return 'the greatest app in the world!';","                    case 'npm_package_name':","                        return 'my-app';","                    case 'npm_package_nameAlias':","                        return 'my_app';","                    case 'npm_package_version':","                        return '0.0.1';","                    }","                });","        }","        // run the cli","        if (local.global.utility2_rollup || module !== require.main) {","            break;","        }","        local.assetsDict['/assets.example.js'] =","            local.assetsDict['/assets.example.js'] ||","            local.fs.readFileSync(__filename, 'utf8');","        // bug-workaround - long $npm_package_buildCustomOrg","        /* jslint-ignore-begin */","        local.assetsDict['/assets.npmtest_serve_index.rollup.js'] =","            local.assetsDict['/assets.npmtest_serve_index.rollup.js'] ||","            local.fs.readFileSync(","                local.npmtest_serve_index.__dirname + '/lib.npmtest_serve_index.js',","                'utf8'","            ).replace((/^#!/), '//');","        /* jslint-ignore-end */","        local.assetsDict['/favicon.ico'] = local.assetsDict['/favicon.ico'] || '';","        // if $npm_config_timeout_exit exists,","        // then exit this process after $npm_config_timeout_exit ms","        if (Number(process.env.npm_config_timeout_exit)) {","            setTimeout(process.exit, Number(process.env.npm_config_timeout_exit));","        }","        // start server","        if (local.global.utility2_serverHttp1) {","            break;","        }","        process.env.PORT = process.env.PORT || '8081';","        console.error('server starting on port ' + process.env.PORT);","        local.http.createServer(function (request, response) {","            request.urlParsed = local.url.parse(request.url);","            if (local.assetsDict[request.urlParsed.pathname] !== undefined) {","                response.end(local.assetsDict[request.urlParsed.pathname]);","                return;","            }","            response.statusCode = 404;","            response.end();","        }).listen(process.env.PORT);","        break;","    }","}());",""],"l":{"26":2,"28":2,"33":2,"35":2,"37":2,"38":2,"39":2,"44":1,"51":2,"55":2,"59":2,"61":2,"69":1,"70":2,"76":2,"79":2,"82":2,"83":2,"85":1,"89":2,"92":1,"93":1,"94":1,"96":1,"97":1,"100":1,"101":1,"103":1,"106":1,"108":2,"114":1,"116":1,"118":1,"123":1,"124":2,"125":2,"126":3,"127":3,"128":3,"129":3,"130":1,"133":3,"134":3,"139":3,"143":1,"144":3,"145":1,"149":1,"150":1,"158":1,"160":1,"161":1,"162":1,"164":1,"166":1,"258":1,"259":1,"271":1,"274":6,"275":6,"277":1,"279":2,"281":1,"283":2,"288":1,"289":1,"291":1,"296":1,"303":1,"306":1,"307":1,"310":1,"311":1,"313":1,"314":1,"315":1,"316":1,"317":1,"318":1,"319":1,"321":1,"322":1,"324":1}},"/home/travis/build/npmtest/node-npmtest-serve-index/node_modules/serve-index/index.js":{"path":"/home/travis/build/npmtest/node-npmtest-serve-index/node_modules/serve-index/index.js","s":{"1":1,"2":1,"3":1,"4":1,"5":1,"6":1,"7":1,"8":1,"9":1,"10":1,"11":1,"12":1,"13":1,"14":1,"15":1,"16":1,"17":0,"18":0,"19":0,"20":0,"21":0,"22":0,"23":0,"24":0,"25":0,"26":0,"27":0,"28":0,"29":0,"30":0,"31":0,"32":0,"33":0,"34":0,"35":0,"36":0,"37":0,"38":0,"39":0,"40":0,"41":0,"42":0,"43":0,"44":0,"45":0,"46":0,"47":0,"48":0,"49":0,"50":0,"51":0,"52":0,"53":0,"54":0,"55":0,"56":0,"57":0,"58":0,"59":0,"60":0,"61":0,"62":0,"63":0,"64":0,"65":0,"66":0,"67":0,"68":0,"69":1,"70":0,"71":0,"72":0,"73":0,"74":0,"75":0,"76":0,"77":0,"78":0,"79":0,"80":0,"81":0,"82":0,"83":0,"84":0,"85":0,"86":0,"87":0,"88":0,"89":0,"90":1,"91":0,"92":0,"93":0,"94":0,"95":0,"96":1,"97":0,"98":0,"99":0,"100":0,"101":0,"102":1,"103":0,"104":0,"105":0,"106":0,"107":0,"108":0,"109":0,"110":0,"111":0,"112":0,"113":0,"114":0,"115":0,"116":0,"117":0,"118":0,"119":0,"120":0,"121":0,"122":0,"123":0,"124":0,"125":1,"126":0,"127":0,"128":0,"129":0,"130":0,"131":0,"132":1,"133":0,"134":0,"135":0,"136":1,"137":0,"138":0,"139":0,"140":0,"141":0,"142":0,"143":0,"144":0,"145":1,"146":0,"147":0,"148":0,"149":0,"150":0,"151":0,"152":0,"153":0,"154":0,"155":0,"156":0,"157":0,"158":0,"159":0,"160":0,"161":1,"162":0,"163":0,"164":0,"165":0,"166":0,"167":0,"168":0,"169":0,"170":0,"171":0,"172":0,"173":0,"174":0,"175":0,"176":0,"177":0,"178":0,"179":0,"180":0,"181":0,"182":0,"183":0,"184":0,"185":0,"186":0,"187":0,"188":1,"189":0,"190":0,"191":0,"192":1,"193":0,"194":1,"195":0,"196":0,"197":1,"198":0,"199":0,"200":0,"201":0,"202":0,"203":0,"204":0,"205":0,"206":0,"207":1},"b":{"1":[0,0],"2":[0,0],"3":[0,0],"4":[0,0],"5":[0,0],"6":[0,0],"7":[0,0],"8":[0,0],"9":[0,0],"10":[0,0],"11":[0,0],"12":[0,0],"13":[0,0],"14":[0,0],"15":[0,0],"16":[0,0],"17":[0,0],"18":[0,0],"19":[0,0],"20":[0,0],"21":[0,0],"22":[0,0],"23":[0,0],"24":[0,0],"25":[0,0],"26":[0,0],"27":[0,0],"28":[0,0],"29":[0,0],"30":[0,0],"31":[0,0],"32":[0,0],"33":[0,0],"34":[0,0],"35":[0,0],"36":[0,0],"37":[0,0],"38":[0,0],"39":[0,0],"40":[0,0],"41":[0,0],"42":[0,0],"43":[0,0],"44":[0,0],"45":[0,0],"46":[0,0],"47":[0,0],"48":[0,0],"49":[0,0],"50":[0,0],"51":[0,0],"52":[0,0],"53":[0,0],"54":[0,0],"55":[0,0],"56":[0,0],"57":[0,0]},"f":{"1":0,"2":0,"3":0,"4":0,"5":0,"6":0,"7":0,"8":0,"9":0,"10":0,"11":0,"12":0,"13":0,"14":0,"15":0,"16":0,"17":0,"18":0,"19":0,"20":0,"21":0,"22":0,"23":0,"24":0,"25":0,"26":0,"27":0,"28":0,"29":0,"30":0},"fnMap":{"1":{"name":"serveIndex","line":83,"loc":{"start":{"line":83,"column":0},"end":{"line":83,"column":35}}},"2":{"name":"(anonymous_2)","line":101,"loc":{"start":{"line":101,"column":9},"end":{"line":101,"column":35}}},"3":{"name":"(anonymous_3)","line":133,"loc":{"start":{"line":133,"column":18},"end":{"line":133,"column":37}}},"4":{"name":"(anonymous_4)","line":149,"loc":{"start":{"line":149,"column":23},"end":{"line":149,"column":43}}},"5":{"name":"(anonymous_5)","line":152,"loc":{"start":{"line":152,"column":41},"end":{"line":152,"column":73}}},"6":{"name":"_html","line":173,"loc":{"start":{"line":173,"column":18},"end":{"line":173,"column":110}}},"7":{"name":"(anonymous_7)","line":183,"loc":{"start":{"line":183,"column":20},"end":{"line":183,"column":42}}},"8":{"name":"(anonymous_8)","line":187,"loc":{"start":{"line":187,"column":29},"end":{"line":187,"column":48}}},"9":{"name":"(anonymous_9)","line":195,"loc":{"start":{"line":195,"column":36},"end":{"line":195,"column":58}}},"10":{"name":"(anonymous_10)","line":209,"loc":{"start":{"line":209,"column":21},"end":{"line":209,"column":42}}},"11":{"name":"_json","line":225,"loc":{"start":{"line":225,"column":18},"end":{"line":225,"column":50}}},"12":{"name":"_plain","line":238,"loc":{"start":{"line":238,"column":19},"end":{"line":238,"column":52}}},"13":{"name":"createHtmlFileList","line":252,"loc":{"start":{"line":252,"column":0},"end":{"line":252,"column":56}}},"14":{"name":"(anonymous_14)","line":261,"loc":{"start":{"line":261,"column":20},"end":{"line":261,"column":36}}},"15":{"name":"(anonymous_15)","line":264,"loc":{"start":{"line":264,"column":34},"end":{"line":264,"column":47}}},"16":{"name":"createHtmlRender","line":312,"loc":{"start":{"line":312,"column":0},"end":{"line":312,"column":36}}},"17":{"name":"render","line":313,"loc":{"start":{"line":313,"column":9},"end":{"line":313,"column":43}}},"18":{"name":"(anonymous_18)","line":315,"loc":{"start":{"line":315,"column":34},"end":{"line":315,"column":54}}},"19":{"name":"fileSort","line":333,"loc":{"start":{"line":333,"column":0},"end":{"line":333,"column":24}}},"20":{"name":"htmlPath","line":348,"loc":{"start":{"line":348,"column":0},"end":{"line":348,"column":23}}},"21":{"name":"iconLookup","line":368,"loc":{"start":{"line":368,"column":0},"end":{"line":368,"column":30}}},"22":{"name":"iconStyle","line":426,"loc":{"start":{"line":426,"column":0},"end":{"line":426,"column":36}}},"23":{"name":"load","line":475,"loc":{"start":{"line":475,"column":0},"end":{"line":475,"column":20}}},"24":{"name":"normalizeSlashes","line":489,"loc":{"start":{"line":489,"column":0},"end":{"line":489,"column":32}}},"25":{"name":"removeHidden","line":502,"loc":{"start":{"line":502,"column":0},"end":{"line":502,"column":29}}},"26":{"name":"(anonymous_26)","line":503,"loc":{"start":{"line":503,"column":22},"end":{"line":503,"column":36}}},"27":{"name":"stat","line":513,"loc":{"start":{"line":513,"column":0},"end":{"line":513,"column":30}}},"28":{"name":"(anonymous_28)","line":518,"loc":{"start":{"line":518,"column":16},"end":{"line":518,"column":30}}},"29":{"name":"(anonymous_29)","line":519,"loc":{"start":{"line":519,"column":15},"end":{"line":519,"column":29}}},"30":{"name":"(anonymous_30)","line":520,"loc":{"start":{"line":520,"column":31},"end":{"line":520,"column":50}}}},"statementMap":{"1":{"start":{"line":16,"column":0},"end":{"line":16,"column":33}},"2":{"start":{"line":17,"column":0},"end":{"line":17,"column":41}},"3":{"start":{"line":18,"column":0},"end":{"line":18,"column":44}},"4":{"start":{"line":19,"column":0},"end":{"line":19,"column":40}},"5":{"start":{"line":20,"column":0},"end":{"line":25,"column":21}},"6":{"start":{"line":26,"column":0},"end":{"line":26,"column":29}},"7":{"start":{"line":27,"column":0},"end":{"line":27,"column":33}},"8":{"start":{"line":28,"column":0},"end":{"line":28,"column":35}},"9":{"start":{"line":29,"column":0},"end":{"line":29,"column":38}},"10":{"start":{"line":36,"column":0},"end":{"line":36,"column":28}},"11":{"start":{"line":42,"column":0},"end":{"line":42,"column":15}},"12":{"start":{"line":48,"column":0},"end":{"line":48,"column":66}},"13":{"start":{"line":54,"column":0},"end":{"line":54,"column":63}},"14":{"start":{"line":60,"column":0},"end":{"line":64,"column":2}},"15":{"start":{"line":66,"column":0},"end":{"line":70,"column":2}},"16":{"start":{"line":83,"column":0},"end":{"line":167,"column":1}},"17":{"start":{"line":84,"column":2},"end":{"line":84,"column":27}},"18":{"start":{"line":87,"column":2},"end":{"line":89,"column":3}},"19":{"start":{"line":88,"column":4},"end":{"line":88,"column":59}},"20":{"start":{"line":92,"column":2},"end":{"line":92,"column":48}},"21":{"start":{"line":94,"column":2},"end":{"line":94,"column":27}},"22":{"start":{"line":95,"column":2},"end":{"line":95,"column":27}},"23":{"start":{"line":96,"column":2},"end":{"line":96,"column":25}},"24":{"start":{"line":97,"column":2},"end":{"line":97,"column":56}},"25":{"start":{"line":98,"column":2},"end":{"line":98,"column":50}},"26":{"start":{"line":99,"column":2},"end":{"line":99,"column":34}},"27":{"start":{"line":101,"column":2},"end":{"line":166,"column":4}},"28":{"start":{"line":102,"column":4},"end":{"line":108,"column":5}},"29":{"start":{"line":103,"column":6},"end":{"line":103,"column":60}},"30":{"start":{"line":104,"column":6},"end":{"line":104,"column":51}},"31":{"start":{"line":105,"column":6},"end":{"line":105,"column":43}},"32":{"start":{"line":106,"column":6},"end":{"line":106,"column":16}},"33":{"start":{"line":107,"column":6},"end":{"line":107,"column":13}},"34":{"start":{"line":111,"column":4},"end":{"line":111,"column":28}},"35":{"start":{"line":112,"column":4},"end":{"line":112,"column":45}},"36":{"start":{"line":113,"column":4},"end":{"line":113,"column":47}},"37":{"start":{"line":114,"column":4},"end":{"line":114,"column":63}},"38":{"start":{"line":117,"column":4},"end":{"line":117,"column":46}},"39":{"start":{"line":120,"column":4},"end":{"line":120,"column":59}},"40":{"start":{"line":120,"column":29},"end":{"line":120,"column":59}},"41":{"start":{"line":123,"column":4},"end":{"line":126,"column":5}},"42":{"start":{"line":124,"column":6},"end":{"line":124,"column":41}},"43":{"start":{"line":125,"column":6},"end":{"line":125,"column":36}},"44":{"start":{"line":129,"column":4},"end":{"line":129,"column":61}},"45":{"start":{"line":132,"column":4},"end":{"line":132,"column":29}},"46":{"start":{"line":133,"column":4},"end":{"line":165,"column":7}},"47":{"start":{"line":134,"column":6},"end":{"line":136,"column":7}},"48":{"start":{"line":135,"column":8},"end":{"line":135,"column":22}},"49":{"start":{"line":138,"column":6},"end":{"line":143,"column":7}},"50":{"start":{"line":139,"column":8},"end":{"line":141,"column":16}},"51":{"start":{"line":142,"column":8},"end":{"line":142,"column":25}},"52":{"start":{"line":145,"column":6},"end":{"line":145,"column":45}},"53":{"start":{"line":145,"column":31},"end":{"line":145,"column":45}},"54":{"start":{"line":148,"column":6},"end":{"line":148,"column":34}},"55":{"start":{"line":149,"column":6},"end":{"line":164,"column":9}},"56":{"start":{"line":150,"column":8},"end":{"line":150,"column":34}},"57":{"start":{"line":150,"column":17},"end":{"line":150,"column":34}},"58":{"start":{"line":151,"column":8},"end":{"line":151,"column":49}},"59":{"start":{"line":151,"column":21},"end":{"line":151,"column":49}},"60":{"start":{"line":152,"column":8},"end":{"line":154,"column":11}},"61":{"start":{"line":152,"column":20},"end":{"line":154,"column":11}},"62":{"start":{"line":153,"column":10},"end":{"line":153,"column":53}},"63":{"start":{"line":155,"column":8},"end":{"line":155,"column":21}},"64":{"start":{"line":158,"column":8},"end":{"line":158,"column":34}},"65":{"start":{"line":159,"column":8},"end":{"line":159,"column":43}},"66":{"start":{"line":162,"column":8},"end":{"line":162,"column":49}},"67":{"start":{"line":162,"column":19},"end":{"line":162,"column":49}},"68":{"start":{"line":163,"column":8},"end":{"line":163,"column":121}},"69":{"start":{"line":173,"column":0},"end":{"line":219,"column":2}},"70":{"start":{"line":174,"column":2},"end":{"line":176,"column":14}},"71":{"start":{"line":178,"column":2},"end":{"line":180,"column":3}},"72":{"start":{"line":179,"column":4},"end":{"line":179,"column":24}},"73":{"start":{"line":183,"column":2},"end":{"line":218,"column":5}},"74":{"start":{"line":184,"column":4},"end":{"line":184,"column":30}},"75":{"start":{"line":184,"column":13},"end":{"line":184,"column":30}},"76":{"start":{"line":187,"column":4},"end":{"line":189,"column":7}},"77":{"start":{"line":188,"column":6},"end":{"line":188,"column":44}},"78":{"start":{"line":192,"column":4},"end":{"line":192,"column":28}},"79":{"start":{"line":195,"column":4},"end":{"line":217,"column":7}},"80":{"start":{"line":196,"column":6},"end":{"line":196,"column":32}},"81":{"start":{"line":196,"column":15},"end":{"line":196,"column":32}},"82":{"start":{"line":199,"column":6},"end":{"line":206,"column":8}},"83":{"start":{"line":209,"column":6},"end":{"line":216,"column":9}},"84":{"start":{"line":210,"column":8},"end":{"line":210,"column":34}},"85":{"start":{"line":210,"column":17},"end":{"line":210,"column":34}},"86":{"start":{"line":212,"column":8},"end":{"line":212,"column":43}},"87":{"start":{"line":213,"column":8},"end":{"line":213,"column":66}},"88":{"start":{"line":214,"column":8},"end":{"line":214,"column":52}},"89":{"start":{"line":215,"column":8},"end":{"line":215,"column":21}},"90":{"start":{"line":225,"column":0},"end":{"line":232,"column":2}},"91":{"start":{"line":226,"column":2},"end":{"line":226,"column":35}},"92":{"start":{"line":227,"column":2},"end":{"line":227,"column":37}},"93":{"start":{"line":229,"column":2},"end":{"line":229,"column":67}},"94":{"start":{"line":230,"column":2},"end":{"line":230,"column":46}},"95":{"start":{"line":231,"column":2},"end":{"line":231,"column":15}},"96":{"start":{"line":238,"column":0},"end":{"line":245,"column":2}},"97":{"start":{"line":239,"column":2},"end":{"line":239,"column":37}},"98":{"start":{"line":240,"column":2},"end":{"line":240,"column":37}},"99":{"start":{"line":242,"column":2},"end":{"line":242,"column":61}},"100":{"start":{"line":243,"column":2},"end":{"line":243,"column":46}},"101":{"start":{"line":244,"column":2},"end":{"line":244,"column":15}},"102":{"start":{"line":252,"column":0},"end":{"line":306,"column":1}},"103":{"start":{"line":253,"column":2},"end":{"line":259,"column":23}},"104":{"start":{"line":261,"column":2},"end":{"line":301,"column":16}},"105":{"start":{"line":262,"column":4},"end":{"line":262,"column":21}},"106":{"start":{"line":263,"column":4},"end":{"line":263,"column":53}},"107":{"start":{"line":264,"column":4},"end":{"line":264,"column":82}},"108":{"start":{"line":264,"column":49},"end":{"line":264,"column":78}},"109":{"start":{"line":266,"column":4},"end":{"line":282,"column":5}},"110":{"start":{"line":267,"column":6},"end":{"line":267,"column":27}},"111":{"start":{"line":269,"column":6},"end":{"line":281,"column":7}},"112":{"start":{"line":270,"column":8},"end":{"line":270,"column":39}},"113":{"start":{"line":272,"column":8},"end":{"line":272,"column":37}},"114":{"start":{"line":273,"column":8},"end":{"line":273,"column":41}},"115":{"start":{"line":275,"column":8},"end":{"line":275,"column":29}},"116":{"start":{"line":276,"column":8},"end":{"line":276,"column":49}},"117":{"start":{"line":278,"column":8},"end":{"line":280,"column":9}},"118":{"start":{"line":279,"column":10},"end":{"line":279,"column":39}},"119":{"start":{"line":284,"column":4},"end":{"line":284,"column":45}},"120":{"start":{"line":286,"column":4},"end":{"line":288,"column":11}},"121":{"start":{"line":289,"column":4},"end":{"line":291,"column":11}},"122":{"start":{"line":293,"column":4},"end":{"line":300,"column":20}},"123":{"start":{"line":303,"column":2},"end":{"line":303,"column":18}},"124":{"start":{"line":305,"column":2},"end":{"line":305,"column":14}},"125":{"start":{"line":312,"column":0},"end":{"line":327,"column":1}},"126":{"start":{"line":313,"column":2},"end":{"line":326,"column":4}},"127":{"start":{"line":315,"column":4},"end":{"line":325,"column":7}},"128":{"start":{"line":316,"column":6},"end":{"line":316,"column":36}},"129":{"start":{"line":316,"column":15},"end":{"line":316,"column":36}},"130":{"start":{"line":318,"column":6},"end":{"line":322,"column":65}},"131":{"start":{"line":324,"column":6},"end":{"line":324,"column":27}},"132":{"start":{"line":333,"column":0},"end":{"line":342,"column":1}},"133":{"start":{"line":335,"column":2},"end":{"line":338,"column":3}},"134":{"start":{"line":336,"column":4},"end":{"line":337,"column":33}},"135":{"start":{"line":340,"column":2},"end":{"line":341,"column":89}},"136":{"start":{"line":348,"column":0},"end":{"line":362,"column":1}},"137":{"start":{"line":349,"column":2},"end":{"line":349,"column":29}},"138":{"start":{"line":350,"column":2},"end":{"line":350,"column":38}},"139":{"start":{"line":352,"column":2},"end":{"line":359,"column":3}},"140":{"start":{"line":353,"column":4},"end":{"line":353,"column":24}},"141":{"start":{"line":355,"column":4},"end":{"line":358,"column":5}},"142":{"start":{"line":356,"column":6},"end":{"line":356,"column":42}},"143":{"start":{"line":357,"column":6},"end":{"line":357,"column":110}},"144":{"start":{"line":361,"column":2},"end":{"line":361,"column":27}},"145":{"start":{"line":368,"column":0},"end":{"line":420,"column":1}},"146":{"start":{"line":369,"column":2},"end":{"line":369,"column":30}},"147":{"start":{"line":372,"column":2},"end":{"line":377,"column":3}},"148":{"start":{"line":373,"column":4},"end":{"line":376,"column":6}},"149":{"start":{"line":379,"column":2},"end":{"line":379,"column":34}},"150":{"start":{"line":382,"column":2},"end":{"line":387,"column":3}},"151":{"start":{"line":383,"column":4},"end":{"line":386,"column":6}},"152":{"start":{"line":390,"column":2},"end":{"line":395,"column":3}},"153":{"start":{"line":391,"column":4},"end":{"line":394,"column":6}},"154":{"start":{"line":397,"column":2},"end":{"line":397,"column":38}},"155":{"start":{"line":399,"column":2},"end":{"line":404,"column":3}},"156":{"start":{"line":400,"column":4},"end":{"line":403,"column":6}},"157":{"start":{"line":406,"column":2},"end":{"line":406,"column":36}},"158":{"start":{"line":409,"column":2},"end":{"line":414,"column":3}},"159":{"start":{"line":410,"column":4},"end":{"line":413,"column":6}},"160":{"start":{"line":416,"column":2},"end":{"line":419,"column":4}},"161":{"start":{"line":426,"column":0},"end":{"line":465,"column":1}},"162":{"start":{"line":427,"column":2},"end":{"line":427,"column":27}},"163":{"start":{"line":427,"column":17},"end":{"line":427,"column":27}},"164":{"start":{"line":428,"column":2},"end":{"line":428,"column":16}},"165":{"start":{"line":429,"column":2},"end":{"line":429,"column":8}},"166":{"start":{"line":430,"column":2},"end":{"line":430,"column":15}},"167":{"start":{"line":431,"column":2},"end":{"line":431,"column":16}},"168":{"start":{"line":432,"column":2},"end":{"line":432,"column":17}},"169":{"start":{"line":433,"column":2},"end":{"line":433,"column":15}},"170":{"start":{"line":434,"column":2},"end":{"line":434,"column":21}},"171":{"start":{"line":435,"column":2},"end":{"line":435,"column":17}},"172":{"start":{"line":437,"column":2},"end":{"line":457,"column":3}},"173":{"start":{"line":438,"column":4},"end":{"line":438,"column":24}},"174":{"start":{"line":440,"column":4},"end":{"line":440,"column":53}},"175":{"start":{"line":441,"column":4},"end":{"line":443,"column":30}},"176":{"start":{"line":444,"column":4},"end":{"line":444,"column":33}},"177":{"start":{"line":446,"column":4},"end":{"line":446,"column":54}},"178":{"start":{"line":448,"column":4},"end":{"line":452,"column":5}},"179":{"start":{"line":449,"column":6},"end":{"line":449,"column":94}},"180":{"start":{"line":450,"column":6},"end":{"line":450,"column":31}},"181":{"start":{"line":451,"column":6},"end":{"line":451,"column":26}},"182":{"start":{"line":454,"column":4},"end":{"line":456,"column":5}},"183":{"start":{"line":455,"column":6},"end":{"line":455,"column":41}},"184":{"start":{"line":459,"column":2},"end":{"line":462,"column":3}},"185":{"start":{"line":460,"column":4},"end":{"line":460,"column":23}},"186":{"start":{"line":461,"column":4},"end":{"line":461,"column":84}},"187":{"start":{"line":464,"column":2},"end":{"line":464,"column":15}},"188":{"start":{"line":475,"column":0},"end":{"line":478,"column":1}},"189":{"start":{"line":476,"column":2},"end":{"line":476,"column":38}},"190":{"start":{"line":476,"column":19},"end":{"line":476,"column":38}},"191":{"start":{"line":477,"column":2},"end":{"line":477,"column":86}},"192":{"start":{"line":489,"column":0},"end":{"line":491,"column":1}},"193":{"start":{"line":490,"column":2},"end":{"line":490,"column":35}},"194":{"start":{"line":502,"column":0},"end":{"line":506,"column":1}},"195":{"start":{"line":503,"column":2},"end":{"line":505,"column":5}},"196":{"start":{"line":504,"column":4},"end":{"line":504,"column":26}},"197":{"start":{"line":513,"column":0},"end":{"line":530,"column":1}},"198":{"start":{"line":514,"column":2},"end":{"line":514,"column":26}},"199":{"start":{"line":516,"column":2},"end":{"line":516,"column":24}},"200":{"start":{"line":518,"column":2},"end":{"line":527,"column":5}},"201":{"start":{"line":519,"column":4},"end":{"line":526,"column":7}},"202":{"start":{"line":520,"column":6},"end":{"line":525,"column":9}},"203":{"start":{"line":521,"column":8},"end":{"line":521,"column":59}},"204":{"start":{"line":521,"column":42},"end":{"line":521,"column":59}},"205":{"start":{"line":524,"column":8},"end":{"line":524,"column":33}},"206":{"start":{"line":529,"column":2},"end":{"line":529,"column":16}},"207":{"start":{"line":536,"column":0},"end":{"line":645,"column":2}}},"branchMap":{"1":{"line":84,"type":"binary-expr","locations":[{"start":{"line":84,"column":13},"end":{"line":84,"column":20}},{"start":{"line":84,"column":24},"end":{"line":84,"column":26}}]},"2":{"line":87,"type":"if","locations":[{"start":{"line":87,"column":2},"end":{"line":87,"column":2}},{"start":{"line":87,"column":2},"end":{"line":87,"column":2}}]},"3":{"line":97,"type":"binary-expr","locations":[{"start":{"line":97,"column":19},"end":{"line":97,"column":34}},{"start":{"line":97,"column":38},"end":{"line":97,"column":55}}]},"4":{"line":98,"type":"binary-expr","locations":[{"start":{"line":98,"column":17},"end":{"line":98,"column":30}},{"start":{"line":98,"column":34},"end":{"line":98,"column":49}}]},"5":{"line":99,"type":"binary-expr","locations":[{"start":{"line":99,"column":13},"end":{"line":99,"column":22}},{"start":{"line":99,"column":26},"end":{"line":99,"column":33}}]},"6":{"line":102,"type":"if","locations":[{"start":{"line":102,"column":4},"end":{"line":102,"column":4}},{"start":{"line":102,"column":4},"end":{"line":102,"column":4}}]},"7":{"line":102,"type":"binary-expr","locations":[{"start":{"line":102,"column":8},"end":{"line":102,"column":28}},{"start":{"line":102,"column":32},"end":{"line":102,"column":53}}]},"8":{"line":103,"type":"cond-expr","locations":[{"start":{"line":103,"column":50},"end":{"line":103,"column":53}},{"start":{"line":103,"column":56},"end":{"line":103,"column":59}}]},"9":{"line":120,"type":"if","locations":[{"start":{"line":120,"column":4},"end":{"line":120,"column":4}},{"start":{"line":120,"column":4},"end":{"line":120,"column":4}}]},"10":{"line":123,"type":"if","locations":[{"start":{"line":123,"column":4},"end":{"line":123,"column":4}},{"start":{"line":123,"column":4},"end":{"line":123,"column":4}}]},"11":{"line":134,"type":"if","locations":[{"start":{"line":134,"column":6},"end":{"line":134,"column":6}},{"start":{"line":134,"column":6},"end":{"line":134,"column":6}}]},"12":{"line":134,"type":"binary-expr","locations":[{"start":{"line":134,"column":10},"end":{"line":134,"column":13}},{"start":{"line":134,"column":17},"end":{"line":134,"column":38}}]},"13":{"line":138,"type":"if","locations":[{"start":{"line":138,"column":6},"end":{"line":138,"column":6}},{"start":{"line":138,"column":6},"end":{"line":138,"column":6}}]},"14":{"line":139,"type":"cond-expr","locations":[{"start":{"line":140,"column":12},"end":{"line":140,"column":15}},{"start":{"line":141,"column":12},"end":{"line":141,"column":15}}]},"15":{"line":145,"type":"if","locations":[{"start":{"line":145,"column":6},"end":{"line":145,"column":6}},{"start":{"line":145,"column":6},"end":{"line":145,"column":6}}]},"16":{"line":150,"type":"if","locations":[{"start":{"line":150,"column":8},"end":{"line":150,"column":8}},{"start":{"line":150,"column":8},"end":{"line":150,"column":8}}]},"17":{"line":151,"type":"if","locations":[{"start":{"line":151,"column":8},"end":{"line":151,"column":8}},{"start":{"line":151,"column":8},"end":{"line":151,"column":8}}]},"18":{"line":152,"type":"if","locations":[{"start":{"line":152,"column":8},"end":{"line":152,"column":8}},{"start":{"line":152,"column":8},"end":{"line":152,"column":8}}]},"19":{"line":162,"type":"if","locations":[{"start":{"line":162,"column":8},"end":{"line":162,"column":8}},{"start":{"line":162,"column":8},"end":{"line":162,"column":8}}]},"20":{"line":174,"type":"cond-expr","locations":[{"start":{"line":175,"column":6},"end":{"line":175,"column":32}},{"start":{"line":176,"column":6},"end":{"line":176,"column":14}}]},"21":{"line":178,"type":"if","locations":[{"start":{"line":178,"column":2},"end":{"line":178,"column":2}},{"start":{"line":178,"column":2},"end":{"line":178,"column":2}}]},"22":{"line":184,"type":"if","locations":[{"start":{"line":184,"column":4},"end":{"line":184,"column":4}},{"start":{"line":184,"column":4},"end":{"line":184,"column":4}}]},"23":{"line":196,"type":"if","locations":[{"start":{"line":196,"column":6},"end":{"line":196,"column":6}},{"start":{"line":196,"column":6},"end":{"line":196,"column":6}}]},"24":{"line":210,"type":"if","locations":[{"start":{"line":210,"column":8},"end":{"line":210,"column":8}},{"start":{"line":210,"column":8},"end":{"line":210,"column":8}}]},"25":{"line":254,"type":"cond-expr","locations":[{"start":{"line":255,"column":6},"end":{"line":259,"column":15}},{"start":{"line":259,"column":19},"end":{"line":259,"column":21}}]},"26":{"line":263,"type":"binary-expr","locations":[{"start":{"line":263,"column":16},"end":{"line":263,"column":25}},{"start":{"line":263,"column":29},"end":{"line":263,"column":52}}]},"27":{"line":266,"type":"if","locations":[{"start":{"line":266,"column":4},"end":{"line":266,"column":4}},{"start":{"line":266,"column":4},"end":{"line":266,"column":4}}]},"28":{"line":269,"type":"if","locations":[{"start":{"line":269,"column":6},"end":{"line":269,"column":6}},{"start":{"line":269,"column":6},"end":{"line":269,"column":6}}]},"29":{"line":278,"type":"if","locations":[{"start":{"line":278,"column":8},"end":{"line":278,"column":8}},{"start":{"line":278,"column":8},"end":{"line":278,"column":8}}]},"30":{"line":286,"type":"cond-expr","locations":[{"start":{"line":287,"column":8},"end":{"line":287,"column":89}},{"start":{"line":288,"column":8},"end":{"line":288,"column":10}}]},"31":{"line":286,"type":"binary-expr","locations":[{"start":{"line":286,"column":15},"end":{"line":286,"column":24}},{"start":{"line":286,"column":28},"end":{"line":286,"column":46}}]},"32":{"line":289,"type":"cond-expr","locations":[{"start":{"line":290,"column":8},"end":{"line":290,"column":22}},{"start":{"line":291,"column":8},"end":{"line":291,"column":10}}]},"33":{"line":289,"type":"binary-expr","locations":[{"start":{"line":289,"column":15},"end":{"line":289,"column":24}},{"start":{"line":289,"column":28},"end":{"line":289,"column":34}}]},"34":{"line":316,"type":"if","locations":[{"start":{"line":316,"column":6},"end":{"line":316,"column":6}},{"start":{"line":316,"column":6},"end":{"line":316,"column":6}}]},"35":{"line":335,"type":"if","locations":[{"start":{"line":335,"column":2},"end":{"line":335,"column":2}},{"start":{"line":335,"column":2},"end":{"line":335,"column":2}}]},"36":{"line":335,"type":"binary-expr","locations":[{"start":{"line":335,"column":6},"end":{"line":335,"column":21}},{"start":{"line":335,"column":25},"end":{"line":335,"column":40}}]},"37":{"line":336,"type":"cond-expr","locations":[{"start":{"line":336,"column":31},"end":{"line":336,"column":32}},{"start":{"line":337,"column":8},"end":{"line":337,"column":32}}]},"38":{"line":337,"type":"cond-expr","locations":[{"start":{"line":337,"column":26},"end":{"line":337,"column":28}},{"start":{"line":337,"column":31},"end":{"line":337,"column":32}}]},"39":{"line":340,"type":"binary-expr","locations":[{"start":{"line":340,"column":9},"end":{"line":340,"column":88}},{"start":{"line":341,"column":4},"end":{"line":341,"column":88}}]},"40":{"line":340,"type":"binary-expr","locations":[{"start":{"line":340,"column":16},"end":{"line":340,"column":22}},{"start":{"line":340,"column":26},"end":{"line":340,"column":46}}]},"41":{"line":340,"type":"binary-expr","locations":[{"start":{"line":340,"column":57},"end":{"line":340,"column":63}},{"start":{"line":340,"column":67},"end":{"line":340,"column":87}}]},"42":{"line":355,"type":"if","locations":[{"start":{"line":355,"column":4},"end":{"line":355,"column":4}},{"start":{"line":355,"column":4},"end":{"line":355,"column":4}}]},"43":{"line":372,"type":"if","locations":[{"start":{"line":372,"column":2},"end":{"line":372,"column":2}},{"start":{"line":372,"column":2},"end":{"line":372,"column":2}}]},"44":{"line":382,"type":"if","locations":[{"start":{"line":382,"column":2},"end":{"line":382,"column":2}},{"start":{"line":382,"column":2},"end":{"line":382,"column":2}}]},"45":{"line":390,"type":"if","locations":[{"start":{"line":390,"column":2},"end":{"line":390,"column":2}},{"start":{"line":390,"column":2},"end":{"line":390,"column":2}}]},"46":{"line":399,"type":"if","locations":[{"start":{"line":399,"column":2},"end":{"line":399,"column":2}},{"start":{"line":399,"column":2},"end":{"line":399,"column":2}}]},"47":{"line":399,"type":"binary-expr","locations":[{"start":{"line":399,"column":6},"end":{"line":399,"column":12}},{"start":{"line":399,"column":16},"end":{"line":399,"column":35}}]},"48":{"line":409,"type":"if","locations":[{"start":{"line":409,"column":2},"end":{"line":409,"column":2}},{"start":{"line":409,"column":2},"end":{"line":409,"column":2}}]},"49":{"line":427,"type":"if","locations":[{"start":{"line":427,"column":2},"end":{"line":427,"column":2}},{"start":{"line":427,"column":2},"end":{"line":427,"column":2}}]},"50":{"line":440,"type":"binary-expr","locations":[{"start":{"line":440,"column":16},"end":{"line":440,"column":25}},{"start":{"line":440,"column":29},"end":{"line":440,"column":52}}]},"51":{"line":441,"type":"cond-expr","locations":[{"start":{"line":442,"column":8},"end":{"line":442,"column":63}},{"start":{"line":443,"column":8},"end":{"line":443,"column":29}}]},"52":{"line":448,"type":"if","locations":[{"start":{"line":448,"column":4},"end":{"line":448,"column":4}},{"start":{"line":448,"column":4},"end":{"line":448,"column":4}}]},"53":{"line":454,"type":"if","locations":[{"start":{"line":454,"column":4},"end":{"line":454,"column":4}},{"start":{"line":454,"column":4},"end":{"line":454,"column":4}}]},"54":{"line":476,"type":"if","locations":[{"start":{"line":476,"column":2},"end":{"line":476,"column":2}},{"start":{"line":476,"column":2},"end":{"line":476,"column":2}}]},"55":{"line":521,"type":"if","locations":[{"start":{"line":521,"column":8},"end":{"line":521,"column":8}},{"start":{"line":521,"column":8},"end":{"line":521,"column":8}}]},"56":{"line":521,"type":"binary-expr","locations":[{"start":{"line":521,"column":12},"end":{"line":521,"column":15}},{"start":{"line":521,"column":19},"end":{"line":521,"column":40}}]},"57":{"line":524,"type":"binary-expr","locations":[{"start":{"line":524,"column":19},"end":{"line":524,"column":23}},{"start":{"line":524,"column":27},"end":{"line":524,"column":31}}]}},"code":["/*!"," * serve-index"," * Copyright(c) 2011 Sencha Inc."," * Copyright(c) 2011 TJ Holowaychuk"," * Copyright(c) 2014-2015 Douglas Christopher Wilson"," * MIT Licensed"," */","","'use strict';","","/**"," * Module dependencies."," * @private"," */","","var accepts = require('accepts');","var createError = require('http-errors');","var debug = require('debug')('serve-index');","var escapeHtml = require('escape-html');","var fs = require('fs')","  , path = require('path')","  , normalize = path.normalize","  , sep = path.sep","  , extname = path.extname","  , join = path.join;","var Batch = require('batch');","var mime = require('mime-types');","var parseUrl = require('parseurl');","var resolve = require('path').resolve;","","/**"," * Module exports."," * @public"," */","","module.exports = serveIndex;","","/*!"," * Icon cache."," */","","var cache = {};","","/*!"," * Default template."," */","","var defaultTemplate = join(__dirname, 'public', 'directory.html');","","/*!"," * Stylesheet."," */","","var defaultStylesheet = join(__dirname, 'public', 'style.css');","","/**"," * Media types and the map for content negotiation."," */","","var mediaTypes = [","  'text/html',","  'text/plain',","  'application/json'","];","","var mediaType = {","  'text/html': 'html',","  'text/plain': 'plain',","  'application/json': 'json'","};","","/**"," * Serve directory listings with the given `root` path."," *"," * See Readme.md for documentation of options."," *"," * @param {String} root"," * @param {Object} options"," * @return {Function} middleware"," * @public"," */","","function serveIndex(root, options) {","  var opts = options || {};","","  // root required","  if (!root) {","    throw new TypeError('serveIndex() root path required');","  }","","  // resolve root to absolute and normalize","  var rootPath = normalize(resolve(root) + sep);","","  var filter = opts.filter;","  var hidden = opts.hidden;","  var icons = opts.icons;","  var stylesheet = opts.stylesheet || defaultStylesheet;","  var template = opts.template || defaultTemplate;","  var view = opts.view || 'tiles';","","  return function (req, res, next) {","    if (req.method !== 'GET' && req.method !== 'HEAD') {","      res.statusCode = 'OPTIONS' === req.method ? 200 : 405;","      res.setHeader('Allow', 'GET, HEAD, OPTIONS');","      res.setHeader('Content-Length', '0');","      res.end();","      return;","    }","","    // parse URLs","    var url = parseUrl(req);","    var originalUrl = parseUrl.original(req);","    var dir = decodeURIComponent(url.pathname);","    var originalDir = decodeURIComponent(originalUrl.pathname);","","    // join / normalize from root dir","    var path = normalize(join(rootPath, dir));","","    // null byte(s), bad request","    if (~path.indexOf('\\0')) return next(createError(400));","","    // malicious path","    if ((path + sep).substr(0, rootPath.length) !== rootPath) {","      debug('malicious path \"%s\"', path);","      return next(createError(403));","    }","","    // determine \"..\" display","    var showUp = normalize(resolve(path) + sep) !== rootPath;","","    // check if we have a directory","    debug('stat \"%s\"', path);","    fs.stat(path, function(err, stat){","      if (err && err.code === 'ENOENT') {","        return next();","      }","","      if (err) {","        err.status = err.code === 'ENAMETOOLONG'","          ? 414","          : 500;","        return next(err);","      }","","      if (!stat.isDirectory()) return next();","","      // fetch files","      debug('readdir \"%s\"', path);","      fs.readdir(path, function(err, files){","        if (err) return next(err);","        if (!hidden) files = removeHidden(files);","        if (filter) files = files.filter(function(filename, index, list) {","          return filter(filename, index, list, path);","        });","        files.sort();","","        // content-negotiation","        var accept = accepts(req);","        var type = accept.type(mediaTypes);","","        // not acceptable","        if (!type) return next(createError(406));","        serveIndex[mediaType[type]](req, res, files, next, originalDir, showUp, icons, path, view, template, stylesheet);","      });","    });","  };","};","","/**"," * Respond with text/html."," */","","serveIndex.html = function _html(req, res, files, next, dir, showUp, icons, path, view, template, stylesheet) {","  var render = typeof template !== 'function'","    ? createHtmlRender(template)","    : template","","  if (showUp) {","    files.unshift('..');","  }","","  // stat all files","  stat(path, files, function (err, stats) {","    if (err) return next(err);","","    // combine the stats into the file list","    var fileList = files.map(function (file, i) {","      return { name: file, stat: stats[i] };","    });","","    // sort file list","    fileList.sort(fileSort);","","    // read stylesheet","    fs.readFile(stylesheet, 'utf8', function (err, style) {","      if (err) return next(err);","","      // create locals for rendering","      var locals = {","        directory: dir,","        displayIcons: Boolean(icons),","        fileList: fileList,","        path: path,","        style: style,","        viewName: view","      };","","      // render html","      render(locals, function (err, body) {","        if (err) return next(err);","","        var buf = new Buffer(body, 'utf8');","        res.setHeader('Content-Type', 'text/html; charset=utf-8');","        res.setHeader('Content-Length', buf.length);","        res.end(buf);","      });","    });","  });","};","","/**"," * Respond with application/json."," */","","serveIndex.json = function _json(req, res, files) {","  var body = JSON.stringify(files);","  var buf = new Buffer(body, 'utf8');","","  res.setHeader('Content-Type', 'application/json; charset=utf-8');","  res.setHeader('Content-Length', buf.length);","  res.end(buf);","};","","/**"," * Respond with text/plain."," */","","serveIndex.plain = function _plain(req, res, files) {","  var body = files.join('\\n') + '\\n';","  var buf = new Buffer(body, 'utf8');","","  res.setHeader('Content-Type', 'text/plain; charset=utf-8');","  res.setHeader('Content-Length', buf.length);","  res.end(buf);","};","","/**"," * Map html `files`, returning an html unordered list."," * @private"," */","","function createHtmlFileList(files, dir, useIcons, view) {","  var html = '<ul id=\"files\" class=\"view-' + escapeHtml(view) + '\">'","    + (view == 'details' ? (","      '<li class=\"header\">'","      + '<span class=\"name\">Name</span>'","      + '<span class=\"size\">Size</span>'","      + '<span class=\"date\">Modified</span>'","      + '</li>') : '');","","  html += files.map(function (file) {","    var classes = [];","    var isDir = file.stat && file.stat.isDirectory();","    var path = dir.split('/').map(function (c) { return encodeURIComponent(c); });","","    if (useIcons) {","      classes.push('icon');","","      if (isDir) {","        classes.push('icon-directory');","      } else {","        var ext = extname(file.name);","        var icon = iconLookup(file.name);","","        classes.push('icon');","        classes.push('icon-' + ext.substring(1));","","        if (classes.indexOf(icon.className) === -1) {","          classes.push(icon.className);","        }","      }","    }","","    path.push(encodeURIComponent(file.name));","","    var date = file.stat && file.name !== '..'","      ? file.stat.mtime.toLocaleDateString() + ' ' + file.stat.mtime.toLocaleTimeString()","      : '';","    var size = file.stat && !isDir","      ? file.stat.size","      : '';","","    return '<li><a href=\"'","      + escapeHtml(normalizeSlashes(normalize(path.join('/'))))","      + '\" class=\"' + escapeHtml(classes.join(' ')) + '\"'","      + ' title=\"' + escapeHtml(file.name) + '\">'","      + '<span class=\"name\">' + escapeHtml(file.name) + '</span>'","      + '<span class=\"size\">' + escapeHtml(size) + '</span>'","      + '<span class=\"date\">' + escapeHtml(date) + '</span>'","      + '</a></li>';","  }).join('\\n');","","  html += '</ul>';","","  return html;","}","","/**"," * Create function to render html."," */","","function createHtmlRender(template) {","  return function render(locals, callback) {","    // read template","    fs.readFile(template, 'utf8', function (err, str) {","      if (err) return callback(err);","","      var body = str","        .replace(/\\{style\\}/g, locals.style.concat(iconStyle(locals.fileList, locals.displayIcons)))","        .replace(/\\{files\\}/g, createHtmlFileList(locals.fileList, locals.directory, locals.displayIcons, locals.viewName))","        .replace(/\\{directory\\}/g, escapeHtml(locals.directory))","        .replace(/\\{linked-path\\}/g, htmlPath(locals.directory));","","      callback(null, body);","    });","  };","}","","/**"," * Sort function for with directories first."," */","","function fileSort(a, b) {","  // sort \"..\" to the top","  if (a.name === '..' || b.name === '..') {","    return a.name === b.name ? 0","      : a.name === '..' ? -1 : 1;","  }","","  return Number(b.stat && b.stat.isDirectory()) - Number(a.stat && a.stat.isDirectory()) ||","    String(a.name).toLocaleLowerCase().localeCompare(String(b.name).toLocaleLowerCase());","}","","/**"," * Map html `dir`, returning a linked path."," */","","function htmlPath(dir) {","  var parts = dir.split('/');","  var crumb = new Array(parts.length);","","  for (var i = 0; i < parts.length; i++) {","    var part = parts[i];","","    if (part) {","      parts[i] = encodeURIComponent(part);","      crumb[i] = '<a href=\"' + escapeHtml(parts.slice(0, i + 1).join('/')) + '\">' + escapeHtml(part) + '</a>';","    }","  }","","  return crumb.join(' / ');","}","","/**"," * Get the icon data for the file name."," */","","function iconLookup(filename) {","  var ext = extname(filename);","","  // try by extension","  if (icons[ext]) {","    return {","      className: 'icon-' + ext.substring(1),","      fileName: icons[ext]","    };","  }","","  var mimetype = mime.lookup(ext);","","  // default if no mime type","  if (mimetype === false) {","    return {","      className: 'icon-default',","      fileName: icons.default","    };","  }","","  // try by mime type","  if (icons[mimetype]) {","    return {","      className: 'icon-' + mimetype.replace('/', '-'),","      fileName: icons[mimetype]","    };","  }","","  var suffix = mimetype.split('+')[1];","","  if (suffix && icons['+' + suffix]) {","    return {","      className: 'icon-' + suffix,","      fileName: icons['+' + suffix]","    };","  }","","  var type = mimetype.split('/')[0];","","  // try by type only","  if (icons[type]) {","    return {","      className: 'icon-' + type,","      fileName: icons[type]","    };","  }","","  return {","    className: 'icon-default',","    fileName: icons.default","  };","}","","/**"," * Load icon images, return css string."," */","","function iconStyle(files, useIcons) {","  if (!useIcons) return '';","  var className;","  var i;","  var iconName;","  var list = [];","  var rules = {};","  var selector;","  var selectors = {};","  var style = '';","","  for (i = 0; i < files.length; i++) {","    var file = files[i];","","    var isDir = file.stat && file.stat.isDirectory();","    var icon = isDir","      ? { className: 'icon-directory', fileName: icons.folder }","      : iconLookup(file.name);","    var iconName = icon.fileName;","","    selector = '#files .' + icon.className + ' .name';","","    if (!rules[iconName]) {","      rules[iconName] = 'background-image: url(data:image/png;base64,' + load(iconName) + ');'","      selectors[iconName] = [];","      list.push(iconName);","    }","","    if (selectors[iconName].indexOf(selector) === -1) {","      selectors[iconName].push(selector);","    }","  }","","  for (i = 0; i < list.length; i++) {","    iconName = list[i];","    style += selectors[iconName].join(',\\n') + ' {\\n  ' + rules[iconName] + '\\n}\\n';","  }","","  return style;","}","","/**"," * Load and cache the given `icon`."," *"," * @param {String} icon"," * @return {String}"," * @api private"," */","","function load(icon) {","  if (cache[icon]) return cache[icon];","  return cache[icon] = fs.readFileSync(__dirname + '/public/icons/' + icon, 'base64');","}","","/**"," * Normalizes the path separator from system separator"," * to URL separator, aka `/`."," *"," * @param {String} path"," * @return {String}"," * @api private"," */","","function normalizeSlashes(path) {","  return path.split(sep).join('/');","};","","/**"," * Filter \"hidden\" `files`, aka files"," * beginning with a `.`."," *"," * @param {Array} files"," * @return {Array}"," * @api private"," */","","function removeHidden(files) {","  return files.filter(function(file){","    return '.' != file[0];","  });","}","","/**"," * Stat all files and return array of stat"," * in same order."," */","","function stat(dir, files, cb) {","  var batch = new Batch();","","  batch.concurrency(10);","","  files.forEach(function(file){","    batch.push(function(done){","      fs.stat(join(dir, file), function(err, stat){","        if (err && err.code !== 'ENOENT') return done(err);","","        // pass ENOENT as null stat, not error","        done(null, stat || null);","      });","    });","  });","","  batch.end(cb);","}","","/**"," * Icon map."," */","","var icons = {","  // base icons","  'default': 'page_white.png',","  'folder': 'folder.png',","","  // generic mime type icons","  'image': 'image.png',","  'text': 'page_white_text.png',","  'video': 'film.png',","","  // generic mime suffix icons","  '+json': 'page_white_code.png',","  '+xml': 'page_white_code.png',","  '+zip': 'box.png',","","  // specific mime type icons","  'application/font-woff': 'font.png',","  'application/javascript': 'page_white_code_red.png',","  'application/json': 'page_white_code.png',","  'application/msword': 'page_white_word.png',","  'application/pdf': 'page_white_acrobat.png',","  'application/postscript': 'page_white_vector.png',","  'application/rtf': 'page_white_word.png',","  'application/vnd.ms-excel': 'page_white_excel.png',","  'application/vnd.ms-powerpoint': 'page_white_powerpoint.png',","  'application/vnd.oasis.opendocument.presentation': 'page_white_powerpoint.png',","  'application/vnd.oasis.opendocument.spreadsheet': 'page_white_excel.png',","  'application/vnd.oasis.opendocument.text': 'page_white_word.png',","  'application/x-7z-compressed': 'box.png',","  'application/x-sh': 'application_xp_terminal.png',","  'application/x-font-ttf': 'font.png',","  'application/x-msaccess': 'page_white_database.png',","  'application/x-shockwave-flash': 'page_white_flash.png',","  'application/x-sql': 'page_white_database.png',","  'application/x-tar': 'box.png',","  'application/x-xz': 'box.png',","  'application/xml': 'page_white_code.png',","  'application/zip': 'box.png',","  'image/svg+xml': 'page_white_vector.png',","  'text/css': 'page_white_code.png',","  'text/html': 'page_white_code.png',","  'text/less': 'page_white_code.png',","","  // other, extension-specific icons","  '.accdb': 'page_white_database.png',","  '.apk': 'box.png',","  '.app': 'application_xp.png',","  '.as': 'page_white_actionscript.png',","  '.asp': 'page_white_code.png',","  '.aspx': 'page_white_code.png',","  '.bat': 'application_xp_terminal.png',","  '.bz2': 'box.png',","  '.c': 'page_white_c.png',","  '.cab': 'box.png',","  '.cfm': 'page_white_coldfusion.png',","  '.clj': 'page_white_code.png',","  '.cc': 'page_white_cplusplus.png',","  '.cgi': 'application_xp_terminal.png',","  '.cpp': 'page_white_cplusplus.png',","  '.cs': 'page_white_csharp.png',","  '.db': 'page_white_database.png',","  '.dbf': 'page_white_database.png',","  '.deb': 'box.png',","  '.dll': 'page_white_gear.png',","  '.dmg': 'drive.png',","  '.docx': 'page_white_word.png',","  '.erb': 'page_white_ruby.png',","  '.exe': 'application_xp.png',","  '.fnt': 'font.png',","  '.gam': 'controller.png',","  '.gz': 'box.png',","  '.h': 'page_white_h.png',","  '.ini': 'page_white_gear.png',","  '.iso': 'cd.png',","  '.jar': 'box.png',","  '.java': 'page_white_cup.png',","  '.jsp': 'page_white_cup.png',","  '.lua': 'page_white_code.png',","  '.lz': 'box.png',","  '.lzma': 'box.png',","  '.m': 'page_white_code.png',","  '.map': 'map.png',","  '.msi': 'box.png',","  '.mv4': 'film.png',","  '.otf': 'font.png',","  '.pdb': 'page_white_database.png',","  '.php': 'page_white_php.png',","  '.pl': 'page_white_code.png',","  '.pkg': 'box.png',","  '.pptx': 'page_white_powerpoint.png',","  '.psd': 'page_white_picture.png',","  '.py': 'page_white_code.png',","  '.rar': 'box.png',","  '.rb': 'page_white_ruby.png',","  '.rm': 'film.png',","  '.rom': 'controller.png',","  '.rpm': 'box.png',","  '.sass': 'page_white_code.png',","  '.sav': 'controller.png',","  '.scss': 'page_white_code.png',","  '.srt': 'page_white_text.png',","  '.tbz2': 'box.png',","  '.tgz': 'box.png',","  '.tlz': 'box.png',","  '.vb': 'page_white_code.png',","  '.vbs': 'page_white_code.png',","  '.xcf': 'page_white_picture.png',","  '.xlsx': 'page_white_excel.png',","  '.yaws': 'page_white_code.png'","};",""],"l":{"16":1,"17":1,"18":1,"19":1,"20":1,"26":1,"27":1,"28":1,"29":1,"36":1,"42":1,"48":1,"54":1,"60":1,"66":1,"83":1,"84":0,"87":0,"88":0,"92":0,"94":0,"95":0,"96":0,"97":0,"98":0,"99":0,"101":0,"102":0,"103":0,"104":0,"105":0,"106":0,"107":0,"111":0,"112":0,"113":0,"114":0,"117":0,"120":0,"123":0,"124":0,"125":0,"129":0,"132":0,"133":0,"134":0,"135":0,"138":0,"139":0,"142":0,"145":0,"148":0,"149":0,"150":0,"151":0,"152":0,"153":0,"155":0,"158":0,"159":0,"162":0,"163":0,"173":1,"174":0,"178":0,"179":0,"183":0,"184":0,"187":0,"188":0,"192":0,"195":0,"196":0,"199":0,"209":0,"210":0,"212":0,"213":0,"214":0,"215":0,"225":1,"226":0,"227":0,"229":0,"230":0,"231":0,"238":1,"239":0,"240":0,"242":0,"243":0,"244":0,"252":1,"253":0,"261":0,"262":0,"263":0,"264":0,"266":0,"267":0,"269":0,"270":0,"272":0,"273":0,"275":0,"276":0,"278":0,"279":0,"284":0,"286":0,"289":0,"293":0,"303":0,"305":0,"312":1,"313":0,"315":0,"316":0,"318":0,"324":0,"333":1,"335":0,"336":0,"340":0,"348":1,"349":0,"350":0,"352":0,"353":0,"355":0,"356":0,"357":0,"361":0,"368":1,"369":0,"372":0,"373":0,"379":0,"382":0,"383":0,"390":0,"391":0,"397":0,"399":0,"400":0,"406":0,"409":0,"410":0,"416":0,"426":1,"427":0,"428":0,"429":0,"430":0,"431":0,"432":0,"433":0,"434":0,"435":0,"437":0,"438":0,"440":0,"441":0,"444":0,"446":0,"448":0,"449":0,"450":0,"451":0,"454":0,"455":0,"459":0,"460":0,"461":0,"464":0,"475":1,"476":0,"477":0,"489":1,"490":0,"502":1,"503":0,"504":0,"513":1,"514":0,"516":0,"518":0,"519":0,"520":0,"521":0,"524":0,"529":0,"536":1}}}